{"total": {"lines":{"total":6,"covered":6,"skipped":0,"pct":100},"statements":{"total":6,"covered":6,"skipped":0,"pct":100},"functions":{"total":1,"covered":1,"skipped":0,"pct":100},"branches":{"total":2,"covered":1,"skipped":0,"pct":50}}
,"/root/src/codeCoverage/comfort_generate/382.js": {"lines":{"total":6,"covered":6,"skipped":0,"pct":100},"functions":{"total":1,"covered":1,"skipped":0,"pct":100},"statements":{"total":6,"covered":6,"skipped":0,"pct":100},"branches":{"total":2,"covered":1,"skipped":0,"pct":50}}
}
