{"total": {"lines":{"total":5220,"covered":3235,"skipped":0,"pct":61.97},"statements":{"total":5294,"covered":3243,"skipped":0,"pct":61.26},"functions":{"total":1390,"covered":717,"skipped":0,"pct":51.58},"branches":{"total":1112,"covered":73,"skipped":0,"pct":6.56}}
,"/mnt/aliyun/qx/codeCoverage/environment/deepsmith/deepsmith_corpus/10010.js": {"lines":{"total":6,"covered":5,"skipped":0,"pct":83.33},"functions":{"total":2,"covered":1,"skipped":0,"pct":50},"statements":{"total":6,"covered":5,"skipped":0,"pct":83.33},"branches":{"total":2,"covered":1,"skipped":0,"pct":50}}
,"/mnt/aliyun/qx/codeCoverage/environment/deepsmith/deepsmith_corpus/10014.js": {"lines":{"total":21,"covered":4,"skipped":0,"pct":19.05},"functions":{"total":1,"covered":1,"skipped":0,"pct":100},"statements":{"total":22,"covered":4,"skipped":0,"pct":18.18},"branches":{"total":14,"covered":0,"skipped":0,"pct":0}}
,"/mnt/aliyun/qx/codeCoverage/environment/deepsmith/deepsmith_corpus/10016.js": {"lines":{"total":4,"covered":4,"skipped":0,"pct":100},"functions":{"total":1,"covered":1,"skipped":0,"pct":100},"statements":{"total":4,"covered":4,"skipped":0,"pct":100},"branches":{"total":0,"covered":0,"skipped":0,"pct":100}}
,"/mnt/aliyun/qx/codeCoverage/environment/deepsmith/deepsmith_corpus/10066.js": {"lines":{"total":3,"covered":3,"skipped":0,"pct":100},"functions":{"total":1,"covered":1,"skipped":0,"pct":100},"statements":{"total":3,"covered":3,"skipped":0,"pct":100},"branches":{"total":0,"covered":0,"skipped":0,"pct":100}}
,"/mnt/aliyun/qx/codeCoverage/environment/deepsmith/deepsmith_corpus/1010.js": {"lines":{"total":4,"covered":3,"skipped":0,"pct":75},"functions":{"total":2,"covered":1,"skipped":0,"pct":50},"statements":{"total":4,"covered":3,"skipped":0,"pct":75},"branches":{"total":0,"covered":0,"skipped":0,"pct":100}}
,"/mnt/aliyun/qx/codeCoverage/environment/deepsmith/deepsmith_corpus/10100.js": {"lines":{"total":4,"covered":4,"skipped":0,"pct":100},"functions":{"total":1,"covered":1,"skipped":0,"pct":100},"statements":{"total":4,"covered":4,"skipped":0,"pct":100},"branches":{"total":0,"covered":0,"skipped":0,"pct":100}}
,"/mnt/aliyun/qx/codeCoverage/environment/deepsmith/deepsmith_corpus/1014.js": {"lines":{"total":10,"covered":5,"skipped":0,"pct":50},"functions":{"total":3,"covered":1,"skipped":0,"pct":33.33},"statements":{"total":10,"covered":5,"skipped":0,"pct":50},"branches":{"total":3,"covered":1,"skipped":0,"pct":33.33}}
,"/mnt/aliyun/qx/codeCoverage/environment/deepsmith/deepsmith_corpus/1019.js": {"lines":{"total":4,"covered":4,"skipped":0,"pct":100},"functions":{"total":1,"covered":1,"skipped":0,"pct":100},"statements":{"total":4,"covered":4,"skipped":0,"pct":100},"branches":{"total":0,"covered":0,"skipped":0,"pct":100}}
,"/mnt/aliyun/qx/codeCoverage/environment/deepsmith/deepsmith_corpus/10240.js": {"lines":{"total":6,"covered":5,"skipped":0,"pct":83.33},"functions":{"total":1,"covered":1,"skipped":0,"pct":100},"statements":{"total":6,"covered":5,"skipped":0,"pct":83.33},"branches":{"total":2,"covered":1,"skipped":0,"pct":50}}
,"/mnt/aliyun/qx/codeCoverage/environment/deepsmith/deepsmith_corpus/10254.js": {"lines":{"total":4,"covered":4,"skipped":0,"pct":100},"functions":{"total":1,"covered":1,"skipped":0,"pct":100},"statements":{"total":4,"covered":4,"skipped":0,"pct":100},"branches":{"total":0,"covered":0,"skipped":0,"pct":100}}
,"/mnt/aliyun/qx/codeCoverage/environment/deepsmith/deepsmith_corpus/10259.js": {"lines":{"total":12,"covered":4,"skipped":0,"pct":33.33},"functions":{"total":2,"covered":1,"skipped":0,"pct":50},"statements":{"total":12,"covered":4,"skipped":0,"pct":33.33},"branches":{"total":0,"covered":0,"skipped":0,"pct":100}}
,"/mnt/aliyun/qx/codeCoverage/environment/deepsmith/deepsmith_corpus/10291.js": {"lines":{"total":4,"covered":4,"skipped":0,"pct":100},"functions":{"total":1,"covered":1,"skipped":0,"pct":100},"statements":{"total":4,"covered":4,"skipped":0,"pct":100},"branches":{"total":0,"covered":0,"skipped":0,"pct":100}}
,"/mnt/aliyun/qx/codeCoverage/environment/deepsmith/deepsmith_corpus/1035.js": {"lines":{"total":5,"covered":4,"skipped":0,"pct":80},"functions":{"total":3,"covered":1,"skipped":0,"pct":33.33},"statements":{"total":5,"covered":4,"skipped":0,"pct":80},"branches":{"total":0,"covered":0,"skipped":0,"pct":100}}
,"/mnt/aliyun/qx/codeCoverage/environment/deepsmith/deepsmith_corpus/1037.js": {"lines":{"total":20,"covered":6,"skipped":0,"pct":30},"functions":{"total":2,"covered":1,"skipped":0,"pct":50},"statements":{"total":21,"covered":6,"skipped":0,"pct":28.57},"branches":{"total":10,"covered":0,"skipped":0,"pct":0}}
,"/mnt/aliyun/qx/codeCoverage/environment/deepsmith/deepsmith_corpus/10375.js": {"lines":{"total":4,"covered":4,"skipped":0,"pct":100},"functions":{"total":1,"covered":1,"skipped":0,"pct":100},"statements":{"total":4,"covered":4,"skipped":0,"pct":100},"branches":{"total":0,"covered":0,"skipped":0,"pct":100}}
,"/mnt/aliyun/qx/codeCoverage/environment/deepsmith/deepsmith_corpus/10380.js": {"lines":{"total":5,"covered":5,"skipped":0,"pct":100},"functions":{"total":1,"covered":1,"skipped":0,"pct":100},"statements":{"total":5,"covered":5,"skipped":0,"pct":100},"branches":{"total":0,"covered":0,"skipped":0,"pct":100}}
,"/mnt/aliyun/qx/codeCoverage/environment/deepsmith/deepsmith_corpus/10415.js": {"lines":{"total":4,"covered":4,"skipped":0,"pct":100},"functions":{"total":1,"covered":1,"skipped":0,"pct":100},"statements":{"total":4,"covered":4,"skipped":0,"pct":100},"branches":{"total":0,"covered":0,"skipped":0,"pct":100}}
,"/mnt/aliyun/qx/codeCoverage/environment/deepsmith/deepsmith_corpus/10486.js": {"lines":{"total":5,"covered":5,"skipped":0,"pct":100},"functions":{"total":1,"covered":1,"skipped":0,"pct":100},"statements":{"total":5,"covered":5,"skipped":0,"pct":100},"branches":{"total":0,"covered":0,"skipped":0,"pct":100}}
,"/mnt/aliyun/qx/codeCoverage/environment/deepsmith/deepsmith_corpus/1051.js": {"lines":{"total":4,"covered":4,"skipped":0,"pct":100},"functions":{"total":1,"covered":1,"skipped":0,"pct":100},"statements":{"total":4,"covered":4,"skipped":0,"pct":100},"branches":{"total":4,"covered":2,"skipped":0,"pct":50}}
,"/mnt/aliyun/qx/codeCoverage/environment/deepsmith/deepsmith_corpus/10515.js": {"lines":{"total":11,"covered":4,"skipped":0,"pct":36.36},"functions":{"total":5,"covered":1,"skipped":0,"pct":20},"statements":{"total":12,"covered":4,"skipped":0,"pct":33.33},"branches":{"total":0,"covered":0,"skipped":0,"pct":100}}
,"/mnt/aliyun/qx/codeCoverage/environment/deepsmith/deepsmith_corpus/10521.js": {"lines":{"total":4,"covered":4,"skipped":0,"pct":100},"functions":{"total":1,"covered":1,"skipped":0,"pct":100},"statements":{"total":4,"covered":4,"skipped":0,"pct":100},"branches":{"total":0,"covered":0,"skipped":0,"pct":100}}
,"/mnt/aliyun/qx/codeCoverage/environment/deepsmith/deepsmith_corpus/10542.js": {"lines":{"total":4,"covered":4,"skipped":0,"pct":100},"functions":{"total":1,"covered":1,"skipped":0,"pct":100},"statements":{"total":4,"covered":4,"skipped":0,"pct":100},"branches":{"total":0,"covered":0,"skipped":0,"pct":100}}
,"/mnt/aliyun/qx/codeCoverage/environment/deepsmith/deepsmith_corpus/10548.js": {"lines":{"total":4,"covered":4,"skipped":0,"pct":100},"functions":{"total":1,"covered":1,"skipped":0,"pct":100},"statements":{"total":4,"covered":4,"skipped":0,"pct":100},"branches":{"total":2,"covered":1,"skipped":0,"pct":50}}
,"/mnt/aliyun/qx/codeCoverage/environment/deepsmith/deepsmith_corpus/10557.js": {"lines":{"total":7,"covered":5,"skipped":0,"pct":71.43},"functions":{"total":2,"covered":1,"skipped":0,"pct":50},"statements":{"total":7,"covered":5,"skipped":0,"pct":71.43},"branches":{"total":0,"covered":0,"skipped":0,"pct":100}}
,"/mnt/aliyun/qx/codeCoverage/environment/deepsmith/deepsmith_corpus/10560.js": {"lines":{"total":6,"covered":5,"skipped":0,"pct":83.33},"functions":{"total":1,"covered":1,"skipped":0,"pct":100},"statements":{"total":6,"covered":5,"skipped":0,"pct":83.33},"branches":{"total":2,"covered":0,"skipped":0,"pct":0}}
,"/mnt/aliyun/qx/codeCoverage/environment/deepsmith/deepsmith_corpus/10564.js": {"lines":{"total":23,"covered":5,"skipped":0,"pct":21.74},"functions":{"total":2,"covered":1,"skipped":0,"pct":50},"statements":{"total":23,"covered":5,"skipped":0,"pct":21.74},"branches":{"total":4,"covered":0,"skipped":0,"pct":0}}
,"/mnt/aliyun/qx/codeCoverage/environment/deepsmith/deepsmith_corpus/10648.js": {"lines":{"total":5,"covered":5,"skipped":0,"pct":100},"functions":{"total":1,"covered":1,"skipped":0,"pct":100},"statements":{"total":5,"covered":5,"skipped":0,"pct":100},"branches":{"total":0,"covered":0,"skipped":0,"pct":100}}
,"/mnt/aliyun/qx/codeCoverage/environment/deepsmith/deepsmith_corpus/10653.js": {"lines":{"total":6,"covered":4,"skipped":0,"pct":66.67},"functions":{"total":3,"covered":1,"skipped":0,"pct":33.33},"statements":{"total":6,"covered":4,"skipped":0,"pct":66.67},"branches":{"total":0,"covered":0,"skipped":0,"pct":100}}
,"/mnt/aliyun/qx/codeCoverage/environment/deepsmith/deepsmith_corpus/10663.js": {"lines":{"total":7,"covered":4,"skipped":0,"pct":57.14},"functions":{"total":1,"covered":1,"skipped":0,"pct":100},"statements":{"total":7,"covered":4,"skipped":0,"pct":57.14},"branches":{"total":0,"covered":0,"skipped":0,"pct":100}}
,"/mnt/aliyun/qx/codeCoverage/environment/deepsmith/deepsmith_corpus/10668.js": {"lines":{"total":5,"covered":5,"skipped":0,"pct":100},"functions":{"total":1,"covered":1,"skipped":0,"pct":100},"statements":{"total":6,"covered":6,"skipped":0,"pct":100},"branches":{"total":0,"covered":0,"skipped":0,"pct":100}}
,"/mnt/aliyun/qx/codeCoverage/environment/deepsmith/deepsmith_corpus/10683.js": {"lines":{"total":6,"covered":5,"skipped":0,"pct":83.33},"functions":{"total":2,"covered":1,"skipped":0,"pct":50},"statements":{"total":6,"covered":5,"skipped":0,"pct":83.33},"branches":{"total":0,"covered":0,"skipped":0,"pct":100}}
,"/mnt/aliyun/qx/codeCoverage/environment/deepsmith/deepsmith_corpus/1069.js": {"lines":{"total":4,"covered":4,"skipped":0,"pct":100},"functions":{"total":1,"covered":1,"skipped":0,"pct":100},"statements":{"total":4,"covered":4,"skipped":0,"pct":100},"branches":{"total":0,"covered":0,"skipped":0,"pct":100}}
,"/mnt/aliyun/qx/codeCoverage/environment/deepsmith/deepsmith_corpus/10695.js": {"lines":{"total":14,"covered":4,"skipped":0,"pct":28.57},"functions":{"total":2,"covered":1,"skipped":0,"pct":50},"statements":{"total":16,"covered":4,"skipped":0,"pct":25},"branches":{"total":12,"covered":0,"skipped":0,"pct":0}}
,"/mnt/aliyun/qx/codeCoverage/environment/deepsmith/deepsmith_corpus/10713.js": {"lines":{"total":10,"covered":4,"skipped":0,"pct":40},"functions":{"total":2,"covered":1,"skipped":0,"pct":50},"statements":{"total":11,"covered":4,"skipped":0,"pct":36.36},"branches":{"total":2,"covered":0,"skipped":0,"pct":0}}
,"/mnt/aliyun/qx/codeCoverage/environment/deepsmith/deepsmith_corpus/10723.js": {"lines":{"total":8,"covered":4,"skipped":0,"pct":50},"functions":{"total":5,"covered":1,"skipped":0,"pct":20},"statements":{"total":8,"covered":4,"skipped":0,"pct":50},"branches":{"total":3,"covered":0,"skipped":0,"pct":0}}
,"/mnt/aliyun/qx/codeCoverage/environment/deepsmith/deepsmith_corpus/10755.js": {"lines":{"total":4,"covered":3,"skipped":0,"pct":75},"functions":{"total":3,"covered":1,"skipped":0,"pct":33.33},"statements":{"total":4,"covered":3,"skipped":0,"pct":75},"branches":{"total":0,"covered":0,"skipped":0,"pct":100}}
,"/mnt/aliyun/qx/codeCoverage/environment/deepsmith/deepsmith_corpus/10761.js": {"lines":{"total":6,"covered":5,"skipped":0,"pct":83.33},"functions":{"total":1,"covered":1,"skipped":0,"pct":100},"statements":{"total":6,"covered":5,"skipped":0,"pct":83.33},"branches":{"total":2,"covered":0,"skipped":0,"pct":0}}
,"/mnt/aliyun/qx/codeCoverage/environment/deepsmith/deepsmith_corpus/10766.js": {"lines":{"total":4,"covered":4,"skipped":0,"pct":100},"functions":{"total":1,"covered":1,"skipped":0,"pct":100},"statements":{"total":4,"covered":4,"skipped":0,"pct":100},"branches":{"total":0,"covered":0,"skipped":0,"pct":100}}
,"/mnt/aliyun/qx/codeCoverage/environment/deepsmith/deepsmith_corpus/1077.js": {"lines":{"total":18,"covered":5,"skipped":0,"pct":27.78},"functions":{"total":8,"covered":1,"skipped":0,"pct":12.5},"statements":{"total":19,"covered":5,"skipped":0,"pct":26.32},"branches":{"total":2,"covered":0,"skipped":0,"pct":0}}
,"/mnt/aliyun/qx/codeCoverage/environment/deepsmith/deepsmith_corpus/10785.js": {"lines":{"total":4,"covered":4,"skipped":0,"pct":100},"functions":{"total":1,"covered":1,"skipped":0,"pct":100},"statements":{"total":4,"covered":4,"skipped":0,"pct":100},"branches":{"total":0,"covered":0,"skipped":0,"pct":100}}
,"/mnt/aliyun/qx/codeCoverage/environment/deepsmith/deepsmith_corpus/10793.js": {"lines":{"total":10,"covered":5,"skipped":0,"pct":50},"functions":{"total":4,"covered":1,"skipped":0,"pct":25},"statements":{"total":10,"covered":5,"skipped":0,"pct":50},"branches":{"total":4,"covered":0,"skipped":0,"pct":0}}
,"/mnt/aliyun/qx/codeCoverage/environment/deepsmith/deepsmith_corpus/10801.js": {"lines":{"total":8,"covered":6,"skipped":0,"pct":75},"functions":{"total":1,"covered":1,"skipped":0,"pct":100},"statements":{"total":8,"covered":6,"skipped":0,"pct":75},"branches":{"total":2,"covered":0,"skipped":0,"pct":0}}
,"/mnt/aliyun/qx/codeCoverage/environment/deepsmith/deepsmith_corpus/1081.js": {"lines":{"total":4,"covered":4,"skipped":0,"pct":100},"functions":{"total":1,"covered":1,"skipped":0,"pct":100},"statements":{"total":4,"covered":4,"skipped":0,"pct":100},"branches":{"total":0,"covered":0,"skipped":0,"pct":100}}
,"/mnt/aliyun/qx/codeCoverage/environment/deepsmith/deepsmith_corpus/10817.js": {"lines":{"total":19,"covered":5,"skipped":0,"pct":26.32},"functions":{"total":2,"covered":1,"skipped":0,"pct":50},"statements":{"total":19,"covered":5,"skipped":0,"pct":26.32},"branches":{"total":8,"covered":0,"skipped":0,"pct":0}}
,"/mnt/aliyun/qx/codeCoverage/environment/deepsmith/deepsmith_corpus/10829.js": {"lines":{"total":6,"covered":6,"skipped":0,"pct":100},"functions":{"total":1,"covered":1,"skipped":0,"pct":100},"statements":{"total":6,"covered":6,"skipped":0,"pct":100},"branches":{"total":0,"covered":0,"skipped":0,"pct":100}}
,"/mnt/aliyun/qx/codeCoverage/environment/deepsmith/deepsmith_corpus/10838.js": {"lines":{"total":4,"covered":4,"skipped":0,"pct":100},"functions":{"total":1,"covered":1,"skipped":0,"pct":100},"statements":{"total":4,"covered":4,"skipped":0,"pct":100},"branches":{"total":0,"covered":0,"skipped":0,"pct":100}}
,"/mnt/aliyun/qx/codeCoverage/environment/deepsmith/deepsmith_corpus/10898.js": {"lines":{"total":7,"covered":5,"skipped":0,"pct":71.43},"functions":{"total":1,"covered":1,"skipped":0,"pct":100},"statements":{"total":7,"covered":5,"skipped":0,"pct":71.43},"branches":{"total":4,"covered":1,"skipped":0,"pct":25}}
,"/mnt/aliyun/qx/codeCoverage/environment/deepsmith/deepsmith_corpus/10924.js": {"lines":{"total":5,"covered":5,"skipped":0,"pct":100},"functions":{"total":1,"covered":1,"skipped":0,"pct":100},"statements":{"total":5,"covered":5,"skipped":0,"pct":100},"branches":{"total":0,"covered":0,"skipped":0,"pct":100}}
,"/mnt/aliyun/qx/codeCoverage/environment/deepsmith/deepsmith_corpus/10946.js": {"lines":{"total":9,"covered":4,"skipped":0,"pct":44.44},"functions":{"total":3,"covered":1,"skipped":0,"pct":33.33},"statements":{"total":9,"covered":4,"skipped":0,"pct":44.44},"branches":{"total":4,"covered":1,"skipped":0,"pct":25}}
,"/mnt/aliyun/qx/codeCoverage/environment/deepsmith/deepsmith_corpus/10972.js": {"lines":{"total":23,"covered":5,"skipped":0,"pct":21.74},"functions":{"total":1,"covered":1,"skipped":0,"pct":100},"statements":{"total":23,"covered":5,"skipped":0,"pct":21.74},"branches":{"total":11,"covered":0,"skipped":0,"pct":0}}
,"/mnt/aliyun/qx/codeCoverage/environment/deepsmith/deepsmith_corpus/10991.js": {"lines":{"total":8,"covered":5,"skipped":0,"pct":62.5},"functions":{"total":4,"covered":1,"skipped":0,"pct":25},"statements":{"total":8,"covered":5,"skipped":0,"pct":62.5},"branches":{"total":0,"covered":0,"skipped":0,"pct":100}}
,"/mnt/aliyun/qx/codeCoverage/environment/deepsmith/deepsmith_corpus/11002.js": {"lines":{"total":9,"covered":9,"skipped":0,"pct":100},"functions":{"total":1,"covered":1,"skipped":0,"pct":100},"statements":{"total":9,"covered":9,"skipped":0,"pct":100},"branches":{"total":0,"covered":0,"skipped":0,"pct":100}}
,"/mnt/aliyun/qx/codeCoverage/environment/deepsmith/deepsmith_corpus/11003.js": {"lines":{"total":21,"covered":5,"skipped":0,"pct":23.81},"functions":{"total":1,"covered":1,"skipped":0,"pct":100},"statements":{"total":23,"covered":6,"skipped":0,"pct":26.09},"branches":{"total":10,"covered":0,"skipped":0,"pct":0}}
,"/mnt/aliyun/qx/codeCoverage/environment/deepsmith/deepsmith_corpus/11027.js": {"lines":{"total":6,"covered":5,"skipped":0,"pct":83.33},"functions":{"total":2,"covered":1,"skipped":0,"pct":50},"statements":{"total":6,"covered":5,"skipped":0,"pct":83.33},"branches":{"total":3,"covered":1,"skipped":0,"pct":33.33}}
,"/mnt/aliyun/qx/codeCoverage/environment/deepsmith/deepsmith_corpus/1103.js": {"lines":{"total":4,"covered":4,"skipped":0,"pct":100},"functions":{"total":1,"covered":1,"skipped":0,"pct":100},"statements":{"total":4,"covered":4,"skipped":0,"pct":100},"branches":{"total":0,"covered":0,"skipped":0,"pct":100}}
,"/mnt/aliyun/qx/codeCoverage/environment/deepsmith/deepsmith_corpus/11036.js": {"lines":{"total":4,"covered":4,"skipped":0,"pct":100},"functions":{"total":1,"covered":1,"skipped":0,"pct":100},"statements":{"total":4,"covered":4,"skipped":0,"pct":100},"branches":{"total":0,"covered":0,"skipped":0,"pct":100}}
,"/mnt/aliyun/qx/codeCoverage/environment/deepsmith/deepsmith_corpus/1104.js": {"lines":{"total":5,"covered":5,"skipped":0,"pct":100},"functions":{"total":1,"covered":1,"skipped":0,"pct":100},"statements":{"total":5,"covered":5,"skipped":0,"pct":100},"branches":{"total":0,"covered":0,"skipped":0,"pct":100}}
,"/mnt/aliyun/qx/codeCoverage/environment/deepsmith/deepsmith_corpus/1111.js": {"lines":{"total":4,"covered":4,"skipped":0,"pct":100},"functions":{"total":1,"covered":1,"skipped":0,"pct":100},"statements":{"total":4,"covered":4,"skipped":0,"pct":100},"branches":{"total":0,"covered":0,"skipped":0,"pct":100}}
,"/mnt/aliyun/qx/codeCoverage/environment/deepsmith/deepsmith_corpus/11131.js": {"lines":{"total":5,"covered":4,"skipped":0,"pct":80},"functions":{"total":2,"covered":1,"skipped":0,"pct":50},"statements":{"total":5,"covered":4,"skipped":0,"pct":80},"branches":{"total":0,"covered":0,"skipped":0,"pct":100}}
,"/mnt/aliyun/qx/codeCoverage/environment/deepsmith/deepsmith_corpus/11177.js": {"lines":{"total":5,"covered":5,"skipped":0,"pct":100},"functions":{"total":1,"covered":1,"skipped":0,"pct":100},"statements":{"total":5,"covered":5,"skipped":0,"pct":100},"branches":{"total":3,"covered":1,"skipped":0,"pct":33.33}}
,"/mnt/aliyun/qx/codeCoverage/environment/deepsmith/deepsmith_corpus/11193.js": {"lines":{"total":6,"covered":5,"skipped":0,"pct":83.33},"functions":{"total":2,"covered":1,"skipped":0,"pct":50},"statements":{"total":6,"covered":5,"skipped":0,"pct":83.33},"branches":{"total":3,"covered":1,"skipped":0,"pct":33.33}}
,"/mnt/aliyun/qx/codeCoverage/environment/deepsmith/deepsmith_corpus/11202.js": {"lines":{"total":4,"covered":4,"skipped":0,"pct":100},"functions":{"total":1,"covered":1,"skipped":0,"pct":100},"statements":{"total":4,"covered":4,"skipped":0,"pct":100},"branches":{"total":0,"covered":0,"skipped":0,"pct":100}}
,"/mnt/aliyun/qx/codeCoverage/environment/deepsmith/deepsmith_corpus/11209.js": {"lines":{"total":8,"covered":7,"skipped":0,"pct":87.5},"functions":{"total":1,"covered":1,"skipped":0,"pct":100},"statements":{"total":8,"covered":7,"skipped":0,"pct":87.5},"branches":{"total":2,"covered":0,"skipped":0,"pct":0}}
,"/mnt/aliyun/qx/codeCoverage/environment/deepsmith/deepsmith_corpus/1122.js": {"lines":{"total":6,"covered":5,"skipped":0,"pct":83.33},"functions":{"total":2,"covered":1,"skipped":0,"pct":50},"statements":{"total":6,"covered":5,"skipped":0,"pct":83.33},"branches":{"total":0,"covered":0,"skipped":0,"pct":100}}
,"/mnt/aliyun/qx/codeCoverage/environment/deepsmith/deepsmith_corpus/11224.js": {"lines":{"total":5,"covered":4,"skipped":0,"pct":80},"functions":{"total":3,"covered":1,"skipped":0,"pct":33.33},"statements":{"total":5,"covered":4,"skipped":0,"pct":80},"branches":{"total":0,"covered":0,"skipped":0,"pct":100}}
,"/mnt/aliyun/qx/codeCoverage/environment/deepsmith/deepsmith_corpus/11248.js": {"lines":{"total":4,"covered":4,"skipped":0,"pct":100},"functions":{"total":1,"covered":1,"skipped":0,"pct":100},"statements":{"total":4,"covered":4,"skipped":0,"pct":100},"branches":{"total":0,"covered":0,"skipped":0,"pct":100}}
,"/mnt/aliyun/qx/codeCoverage/environment/deepsmith/deepsmith_corpus/11268.js": {"lines":{"total":6,"covered":6,"skipped":0,"pct":100},"functions":{"total":1,"covered":1,"skipped":0,"pct":100},"statements":{"total":6,"covered":6,"skipped":0,"pct":100},"branches":{"total":0,"covered":0,"skipped":0,"pct":100}}
,"/mnt/aliyun/qx/codeCoverage/environment/deepsmith/deepsmith_corpus/11325.js": {"lines":{"total":20,"covered":4,"skipped":0,"pct":20},"functions":{"total":8,"covered":1,"skipped":0,"pct":12.5},"statements":{"total":20,"covered":4,"skipped":0,"pct":20},"branches":{"total":6,"covered":0,"skipped":0,"pct":0}}
,"/mnt/aliyun/qx/codeCoverage/environment/deepsmith/deepsmith_corpus/11348.js": {"lines":{"total":4,"covered":4,"skipped":0,"pct":100},"functions":{"total":1,"covered":1,"skipped":0,"pct":100},"statements":{"total":4,"covered":4,"skipped":0,"pct":100},"branches":{"total":0,"covered":0,"skipped":0,"pct":100}}
,"/mnt/aliyun/qx/codeCoverage/environment/deepsmith/deepsmith_corpus/11370.js": {"lines":{"total":22,"covered":4,"skipped":0,"pct":18.18},"functions":{"total":5,"covered":1,"skipped":0,"pct":20},"statements":{"total":23,"covered":4,"skipped":0,"pct":17.39},"branches":{"total":6,"covered":0,"skipped":0,"pct":0}}
,"/mnt/aliyun/qx/codeCoverage/environment/deepsmith/deepsmith_corpus/11427.js": {"lines":{"total":19,"covered":5,"skipped":0,"pct":26.32},"functions":{"total":1,"covered":1,"skipped":0,"pct":100},"statements":{"total":19,"covered":5,"skipped":0,"pct":26.32},"branches":{"total":6,"covered":0,"skipped":0,"pct":0}}
,"/mnt/aliyun/qx/codeCoverage/environment/deepsmith/deepsmith_corpus/11429.js": {"lines":{"total":6,"covered":4,"skipped":0,"pct":66.67},"functions":{"total":1,"covered":1,"skipped":0,"pct":100},"statements":{"total":7,"covered":4,"skipped":0,"pct":57.14},"branches":{"total":0,"covered":0,"skipped":0,"pct":100}}
,"/mnt/aliyun/qx/codeCoverage/environment/deepsmith/deepsmith_corpus/11440.js": {"lines":{"total":5,"covered":4,"skipped":0,"pct":80},"functions":{"total":2,"covered":1,"skipped":0,"pct":50},"statements":{"total":5,"covered":4,"skipped":0,"pct":80},"branches":{"total":0,"covered":0,"skipped":0,"pct":100}}
,"/mnt/aliyun/qx/codeCoverage/environment/deepsmith/deepsmith_corpus/11448.js": {"lines":{"total":5,"covered":5,"skipped":0,"pct":100},"functions":{"total":1,"covered":1,"skipped":0,"pct":100},"statements":{"total":5,"covered":5,"skipped":0,"pct":100},"branches":{"total":0,"covered":0,"skipped":0,"pct":100}}
,"/mnt/aliyun/qx/codeCoverage/environment/deepsmith/deepsmith_corpus/11461.js": {"lines":{"total":7,"covered":4,"skipped":0,"pct":57.14},"functions":{"total":1,"covered":1,"skipped":0,"pct":100},"statements":{"total":7,"covered":4,"skipped":0,"pct":57.14},"branches":{"total":0,"covered":0,"skipped":0,"pct":100}}
,"/mnt/aliyun/qx/codeCoverage/environment/deepsmith/deepsmith_corpus/11464.js": {"lines":{"total":18,"covered":4,"skipped":0,"pct":22.22},"functions":{"total":4,"covered":1,"skipped":0,"pct":25},"statements":{"total":18,"covered":4,"skipped":0,"pct":22.22},"branches":{"total":8,"covered":0,"skipped":0,"pct":0}}
,"/mnt/aliyun/qx/codeCoverage/environment/deepsmith/deepsmith_corpus/11493.js": {"lines":{"total":4,"covered":4,"skipped":0,"pct":100},"functions":{"total":1,"covered":1,"skipped":0,"pct":100},"statements":{"total":4,"covered":4,"skipped":0,"pct":100},"branches":{"total":0,"covered":0,"skipped":0,"pct":100}}
,"/mnt/aliyun/qx/codeCoverage/environment/deepsmith/deepsmith_corpus/1150.js": {"lines":{"total":21,"covered":6,"skipped":0,"pct":28.57},"functions":{"total":2,"covered":1,"skipped":0,"pct":50},"statements":{"total":21,"covered":6,"skipped":0,"pct":28.57},"branches":{"total":6,"covered":0,"skipped":0,"pct":0}}
,"/mnt/aliyun/qx/codeCoverage/environment/deepsmith/deepsmith_corpus/11504.js": {"lines":{"total":5,"covered":5,"skipped":0,"pct":100},"functions":{"total":1,"covered":1,"skipped":0,"pct":100},"statements":{"total":5,"covered":5,"skipped":0,"pct":100},"branches":{"total":0,"covered":0,"skipped":0,"pct":100}}
,"/mnt/aliyun/qx/codeCoverage/environment/deepsmith/deepsmith_corpus/11506.js": {"lines":{"total":7,"covered":5,"skipped":0,"pct":71.43},"functions":{"total":3,"covered":1,"skipped":0,"pct":33.33},"statements":{"total":8,"covered":5,"skipped":0,"pct":62.5},"branches":{"total":2,"covered":0,"skipped":0,"pct":0}}
,"/mnt/aliyun/qx/codeCoverage/environment/deepsmith/deepsmith_corpus/11537.js": {"lines":{"total":4,"covered":4,"skipped":0,"pct":100},"functions":{"total":1,"covered":1,"skipped":0,"pct":100},"statements":{"total":4,"covered":4,"skipped":0,"pct":100},"branches":{"total":5,"covered":1,"skipped":0,"pct":20}}
,"/mnt/aliyun/qx/codeCoverage/environment/deepsmith/deepsmith_corpus/11556.js": {"lines":{"total":5,"covered":4,"skipped":0,"pct":80},"functions":{"total":2,"covered":1,"skipped":0,"pct":50},"statements":{"total":5,"covered":4,"skipped":0,"pct":80},"branches":{"total":0,"covered":0,"skipped":0,"pct":100}}
,"/mnt/aliyun/qx/codeCoverage/environment/deepsmith/deepsmith_corpus/11557.js": {"lines":{"total":10,"covered":5,"skipped":0,"pct":50},"functions":{"total":3,"covered":1,"skipped":0,"pct":33.33},"statements":{"total":10,"covered":5,"skipped":0,"pct":50},"branches":{"total":2,"covered":0,"skipped":0,"pct":0}}
,"/mnt/aliyun/qx/codeCoverage/environment/deepsmith/deepsmith_corpus/1156.js": {"lines":{"total":4,"covered":4,"skipped":0,"pct":100},"functions":{"total":2,"covered":1,"skipped":0,"pct":50},"statements":{"total":4,"covered":4,"skipped":0,"pct":100},"branches":{"total":0,"covered":0,"skipped":0,"pct":100}}
,"/mnt/aliyun/qx/codeCoverage/environment/deepsmith/deepsmith_corpus/11573.js": {"lines":{"total":7,"covered":5,"skipped":0,"pct":71.43},"functions":{"total":2,"covered":1,"skipped":0,"pct":50},"statements":{"total":7,"covered":5,"skipped":0,"pct":71.43},"branches":{"total":0,"covered":0,"skipped":0,"pct":100}}
,"/mnt/aliyun/qx/codeCoverage/environment/deepsmith/deepsmith_corpus/116.js": {"lines":{"total":4,"covered":4,"skipped":0,"pct":100},"functions":{"total":1,"covered":1,"skipped":0,"pct":100},"statements":{"total":4,"covered":4,"skipped":0,"pct":100},"branches":{"total":0,"covered":0,"skipped":0,"pct":100}}
,"/mnt/aliyun/qx/codeCoverage/environment/deepsmith/deepsmith_corpus/11621.js": {"lines":{"total":5,"covered":4,"skipped":0,"pct":80},"functions":{"total":2,"covered":1,"skipped":0,"pct":50},"statements":{"total":5,"covered":4,"skipped":0,"pct":80},"branches":{"total":0,"covered":0,"skipped":0,"pct":100}}
,"/mnt/aliyun/qx/codeCoverage/environment/deepsmith/deepsmith_corpus/11647.js": {"lines":{"total":19,"covered":4,"skipped":0,"pct":21.05},"functions":{"total":1,"covered":1,"skipped":0,"pct":100},"statements":{"total":19,"covered":4,"skipped":0,"pct":21.05},"branches":{"total":4,"covered":0,"skipped":0,"pct":0}}
,"/mnt/aliyun/qx/codeCoverage/environment/deepsmith/deepsmith_corpus/11669.js": {"lines":{"total":19,"covered":4,"skipped":0,"pct":21.05},"functions":{"total":1,"covered":1,"skipped":0,"pct":100},"statements":{"total":19,"covered":4,"skipped":0,"pct":21.05},"branches":{"total":8,"covered":0,"skipped":0,"pct":0}}
,"/mnt/aliyun/qx/codeCoverage/environment/deepsmith/deepsmith_corpus/11679.js": {"lines":{"total":4,"covered":4,"skipped":0,"pct":100},"functions":{"total":1,"covered":1,"skipped":0,"pct":100},"statements":{"total":4,"covered":4,"skipped":0,"pct":100},"branches":{"total":0,"covered":0,"skipped":0,"pct":100}}
,"/mnt/aliyun/qx/codeCoverage/environment/deepsmith/deepsmith_corpus/117.js": {"lines":{"total":4,"covered":4,"skipped":0,"pct":100},"functions":{"total":1,"covered":1,"skipped":0,"pct":100},"statements":{"total":4,"covered":4,"skipped":0,"pct":100},"branches":{"total":0,"covered":0,"skipped":0,"pct":100}}
,"/mnt/aliyun/qx/codeCoverage/environment/deepsmith/deepsmith_corpus/11711.js": {"lines":{"total":21,"covered":3,"skipped":0,"pct":14.29},"functions":{"total":1,"covered":1,"skipped":0,"pct":100},"statements":{"total":22,"covered":3,"skipped":0,"pct":13.64},"branches":{"total":8,"covered":0,"skipped":0,"pct":0}}
,"/mnt/aliyun/qx/codeCoverage/environment/deepsmith/deepsmith_corpus/11719.js": {"lines":{"total":4,"covered":4,"skipped":0,"pct":100},"functions":{"total":1,"covered":1,"skipped":0,"pct":100},"statements":{"total":4,"covered":4,"skipped":0,"pct":100},"branches":{"total":0,"covered":0,"skipped":0,"pct":100}}
,"/mnt/aliyun/qx/codeCoverage/environment/deepsmith/deepsmith_corpus/11728.js": {"lines":{"total":8,"covered":5,"skipped":0,"pct":62.5},"functions":{"total":4,"covered":1,"skipped":0,"pct":25},"statements":{"total":8,"covered":5,"skipped":0,"pct":62.5},"branches":{"total":4,"covered":0,"skipped":0,"pct":0}}
,"/mnt/aliyun/qx/codeCoverage/environment/deepsmith/deepsmith_corpus/11729.js": {"lines":{"total":9,"covered":8,"skipped":0,"pct":88.89},"functions":{"total":2,"covered":1,"skipped":0,"pct":50},"statements":{"total":9,"covered":8,"skipped":0,"pct":88.89},"branches":{"total":0,"covered":0,"skipped":0,"pct":100}}
,"/mnt/aliyun/qx/codeCoverage/environment/deepsmith/deepsmith_corpus/11772.js": {"lines":{"total":8,"covered":4,"skipped":0,"pct":50},"functions":{"total":2,"covered":1,"skipped":0,"pct":50},"statements":{"total":9,"covered":4,"skipped":0,"pct":44.44},"branches":{"total":4,"covered":0,"skipped":0,"pct":0}}
,"/mnt/aliyun/qx/codeCoverage/environment/deepsmith/deepsmith_corpus/11781.js": {"lines":{"total":5,"covered":5,"skipped":0,"pct":100},"functions":{"total":1,"covered":1,"skipped":0,"pct":100},"statements":{"total":5,"covered":5,"skipped":0,"pct":100},"branches":{"total":0,"covered":0,"skipped":0,"pct":100}}
,"/mnt/aliyun/qx/codeCoverage/environment/deepsmith/deepsmith_corpus/11784.js": {"lines":{"total":4,"covered":4,"skipped":0,"pct":100},"functions":{"total":1,"covered":1,"skipped":0,"pct":100},"statements":{"total":4,"covered":4,"skipped":0,"pct":100},"branches":{"total":0,"covered":0,"skipped":0,"pct":100}}
,"/mnt/aliyun/qx/codeCoverage/environment/deepsmith/deepsmith_corpus/11798.js": {"lines":{"total":6,"covered":5,"skipped":0,"pct":83.33},"functions":{"total":1,"covered":1,"skipped":0,"pct":100},"statements":{"total":6,"covered":5,"skipped":0,"pct":83.33},"branches":{"total":0,"covered":0,"skipped":0,"pct":100}}
,"/mnt/aliyun/qx/codeCoverage/environment/deepsmith/deepsmith_corpus/11809.js": {"lines":{"total":4,"covered":4,"skipped":0,"pct":100},"functions":{"total":1,"covered":1,"skipped":0,"pct":100},"statements":{"total":4,"covered":4,"skipped":0,"pct":100},"branches":{"total":0,"covered":0,"skipped":0,"pct":100}}
,"/mnt/aliyun/qx/codeCoverage/environment/deepsmith/deepsmith_corpus/11836.js": {"lines":{"total":6,"covered":6,"skipped":0,"pct":100},"functions":{"total":1,"covered":1,"skipped":0,"pct":100},"statements":{"total":6,"covered":6,"skipped":0,"pct":100},"branches":{"total":0,"covered":0,"skipped":0,"pct":100}}
,"/mnt/aliyun/qx/codeCoverage/environment/deepsmith/deepsmith_corpus/1184.js": {"lines":{"total":6,"covered":6,"skipped":0,"pct":100},"functions":{"total":1,"covered":1,"skipped":0,"pct":100},"statements":{"total":6,"covered":6,"skipped":0,"pct":100},"branches":{"total":0,"covered":0,"skipped":0,"pct":100}}
,"/mnt/aliyun/qx/codeCoverage/environment/deepsmith/deepsmith_corpus/11858.js": {"lines":{"total":6,"covered":5,"skipped":0,"pct":83.33},"functions":{"total":2,"covered":1,"skipped":0,"pct":50},"statements":{"total":6,"covered":5,"skipped":0,"pct":83.33},"branches":{"total":4,"covered":0,"skipped":0,"pct":0}}
,"/mnt/aliyun/qx/codeCoverage/environment/deepsmith/deepsmith_corpus/11867.js": {"lines":{"total":4,"covered":4,"skipped":0,"pct":100},"functions":{"total":1,"covered":1,"skipped":0,"pct":100},"statements":{"total":4,"covered":4,"skipped":0,"pct":100},"branches":{"total":0,"covered":0,"skipped":0,"pct":100}}
,"/mnt/aliyun/qx/codeCoverage/environment/deepsmith/deepsmith_corpus/11868.js": {"lines":{"total":9,"covered":6,"skipped":0,"pct":66.67},"functions":{"total":1,"covered":1,"skipped":0,"pct":100},"statements":{"total":9,"covered":6,"skipped":0,"pct":66.67},"branches":{"total":0,"covered":0,"skipped":0,"pct":100}}
,"/mnt/aliyun/qx/codeCoverage/environment/deepsmith/deepsmith_corpus/11876.js": {"lines":{"total":7,"covered":4,"skipped":0,"pct":57.14},"functions":{"total":5,"covered":1,"skipped":0,"pct":20},"statements":{"total":7,"covered":4,"skipped":0,"pct":57.14},"branches":{"total":0,"covered":0,"skipped":0,"pct":100}}
,"/mnt/aliyun/qx/codeCoverage/environment/deepsmith/deepsmith_corpus/11892.js": {"lines":{"total":5,"covered":5,"skipped":0,"pct":100},"functions":{"total":1,"covered":1,"skipped":0,"pct":100},"statements":{"total":5,"covered":5,"skipped":0,"pct":100},"branches":{"total":0,"covered":0,"skipped":0,"pct":100}}
,"/mnt/aliyun/qx/codeCoverage/environment/deepsmith/deepsmith_corpus/11895.js": {"lines":{"total":4,"covered":4,"skipped":0,"pct":100},"functions":{"total":1,"covered":1,"skipped":0,"pct":100},"statements":{"total":4,"covered":4,"skipped":0,"pct":100},"branches":{"total":0,"covered":0,"skipped":0,"pct":100}}
,"/mnt/aliyun/qx/codeCoverage/environment/deepsmith/deepsmith_corpus/11898.js": {"lines":{"total":5,"covered":5,"skipped":0,"pct":100},"functions":{"total":1,"covered":1,"skipped":0,"pct":100},"statements":{"total":5,"covered":5,"skipped":0,"pct":100},"branches":{"total":0,"covered":0,"skipped":0,"pct":100}}
,"/mnt/aliyun/qx/codeCoverage/environment/deepsmith/deepsmith_corpus/11900.js": {"lines":{"total":4,"covered":4,"skipped":0,"pct":100},"functions":{"total":2,"covered":1,"skipped":0,"pct":50},"statements":{"total":4,"covered":4,"skipped":0,"pct":100},"branches":{"total":0,"covered":0,"skipped":0,"pct":100}}
,"/mnt/aliyun/qx/codeCoverage/environment/deepsmith/deepsmith_corpus/11911.js": {"lines":{"total":4,"covered":4,"skipped":0,"pct":100},"functions":{"total":1,"covered":1,"skipped":0,"pct":100},"statements":{"total":4,"covered":4,"skipped":0,"pct":100},"branches":{"total":0,"covered":0,"skipped":0,"pct":100}}
,"/mnt/aliyun/qx/codeCoverage/environment/deepsmith/deepsmith_corpus/11916.js": {"lines":{"total":6,"covered":6,"skipped":0,"pct":100},"functions":{"total":1,"covered":1,"skipped":0,"pct":100},"statements":{"total":6,"covered":6,"skipped":0,"pct":100},"branches":{"total":0,"covered":0,"skipped":0,"pct":100}}
,"/mnt/aliyun/qx/codeCoverage/environment/deepsmith/deepsmith_corpus/11919.js": {"lines":{"total":5,"covered":5,"skipped":0,"pct":100},"functions":{"total":1,"covered":1,"skipped":0,"pct":100},"statements":{"total":5,"covered":5,"skipped":0,"pct":100},"branches":{"total":0,"covered":0,"skipped":0,"pct":100}}
,"/mnt/aliyun/qx/codeCoverage/environment/deepsmith/deepsmith_corpus/11925.js": {"lines":{"total":4,"covered":4,"skipped":0,"pct":100},"functions":{"total":1,"covered":1,"skipped":0,"pct":100},"statements":{"total":4,"covered":4,"skipped":0,"pct":100},"branches":{"total":0,"covered":0,"skipped":0,"pct":100}}
,"/mnt/aliyun/qx/codeCoverage/environment/deepsmith/deepsmith_corpus/11988.js": {"lines":{"total":16,"covered":5,"skipped":0,"pct":31.25},"functions":{"total":2,"covered":1,"skipped":0,"pct":50},"statements":{"total":16,"covered":5,"skipped":0,"pct":31.25},"branches":{"total":5,"covered":0,"skipped":0,"pct":0}}
,"/mnt/aliyun/qx/codeCoverage/environment/deepsmith/deepsmith_corpus/12018.js": {"lines":{"total":5,"covered":5,"skipped":0,"pct":100},"functions":{"total":1,"covered":1,"skipped":0,"pct":100},"statements":{"total":5,"covered":5,"skipped":0,"pct":100},"branches":{"total":0,"covered":0,"skipped":0,"pct":100}}
,"/mnt/aliyun/qx/codeCoverage/environment/deepsmith/deepsmith_corpus/1203.js": {"lines":{"total":6,"covered":5,"skipped":0,"pct":83.33},"functions":{"total":1,"covered":1,"skipped":0,"pct":100},"statements":{"total":6,"covered":5,"skipped":0,"pct":83.33},"branches":{"total":2,"covered":0,"skipped":0,"pct":0}}
,"/mnt/aliyun/qx/codeCoverage/environment/deepsmith/deepsmith_corpus/12039.js": {"lines":{"total":4,"covered":4,"skipped":0,"pct":100},"functions":{"total":1,"covered":1,"skipped":0,"pct":100},"statements":{"total":4,"covered":4,"skipped":0,"pct":100},"branches":{"total":2,"covered":1,"skipped":0,"pct":50}}
,"/mnt/aliyun/qx/codeCoverage/environment/deepsmith/deepsmith_corpus/12047.js": {"lines":{"total":6,"covered":5,"skipped":0,"pct":83.33},"functions":{"total":2,"covered":1,"skipped":0,"pct":50},"statements":{"total":6,"covered":5,"skipped":0,"pct":83.33},"branches":{"total":0,"covered":0,"skipped":0,"pct":100}}
,"/mnt/aliyun/qx/codeCoverage/environment/deepsmith/deepsmith_corpus/12082.js": {"lines":{"total":5,"covered":4,"skipped":0,"pct":80},"functions":{"total":3,"covered":1,"skipped":0,"pct":33.33},"statements":{"total":5,"covered":4,"skipped":0,"pct":80},"branches":{"total":0,"covered":0,"skipped":0,"pct":100}}
,"/mnt/aliyun/qx/codeCoverage/environment/deepsmith/deepsmith_corpus/12083.js": {"lines":{"total":5,"covered":5,"skipped":0,"pct":100},"functions":{"total":1,"covered":1,"skipped":0,"pct":100},"statements":{"total":5,"covered":5,"skipped":0,"pct":100},"branches":{"total":0,"covered":0,"skipped":0,"pct":100}}
,"/mnt/aliyun/qx/codeCoverage/environment/deepsmith/deepsmith_corpus/12084.js": {"lines":{"total":5,"covered":5,"skipped":0,"pct":100},"functions":{"total":1,"covered":1,"skipped":0,"pct":100},"statements":{"total":5,"covered":5,"skipped":0,"pct":100},"branches":{"total":0,"covered":0,"skipped":0,"pct":100}}
,"/mnt/aliyun/qx/codeCoverage/environment/deepsmith/deepsmith_corpus/12097.js": {"lines":{"total":3,"covered":3,"skipped":0,"pct":100},"functions":{"total":1,"covered":1,"skipped":0,"pct":100},"statements":{"total":3,"covered":3,"skipped":0,"pct":100},"branches":{"total":0,"covered":0,"skipped":0,"pct":100}}
,"/mnt/aliyun/qx/codeCoverage/environment/deepsmith/deepsmith_corpus/12103.js": {"lines":{"total":10,"covered":4,"skipped":0,"pct":40},"functions":{"total":3,"covered":1,"skipped":0,"pct":33.33},"statements":{"total":11,"covered":4,"skipped":0,"pct":36.36},"branches":{"total":2,"covered":0,"skipped":0,"pct":0}}
,"/mnt/aliyun/qx/codeCoverage/environment/deepsmith/deepsmith_corpus/12131.js": {"lines":{"total":7,"covered":4,"skipped":0,"pct":57.14},"functions":{"total":4,"covered":1,"skipped":0,"pct":25},"statements":{"total":7,"covered":4,"skipped":0,"pct":57.14},"branches":{"total":0,"covered":0,"skipped":0,"pct":100}}
,"/mnt/aliyun/qx/codeCoverage/environment/deepsmith/deepsmith_corpus/1215.js": {"lines":{"total":6,"covered":6,"skipped":0,"pct":100},"functions":{"total":1,"covered":1,"skipped":0,"pct":100},"statements":{"total":6,"covered":6,"skipped":0,"pct":100},"branches":{"total":0,"covered":0,"skipped":0,"pct":100}}
,"/mnt/aliyun/qx/codeCoverage/environment/deepsmith/deepsmith_corpus/12184.js": {"lines":{"total":15,"covered":4,"skipped":0,"pct":26.67},"functions":{"total":9,"covered":1,"skipped":0,"pct":11.11},"statements":{"total":15,"covered":4,"skipped":0,"pct":26.67},"branches":{"total":6,"covered":0,"skipped":0,"pct":0}}
,"/mnt/aliyun/qx/codeCoverage/environment/deepsmith/deepsmith_corpus/12243.js": {"lines":{"total":13,"covered":4,"skipped":0,"pct":30.77},"functions":{"total":7,"covered":1,"skipped":0,"pct":14.29},"statements":{"total":13,"covered":4,"skipped":0,"pct":30.77},"branches":{"total":4,"covered":0,"skipped":0,"pct":0}}
,"/mnt/aliyun/qx/codeCoverage/environment/deepsmith/deepsmith_corpus/12249.js": {"lines":{"total":6,"covered":5,"skipped":0,"pct":83.33},"functions":{"total":2,"covered":1,"skipped":0,"pct":50},"statements":{"total":6,"covered":5,"skipped":0,"pct":83.33},"branches":{"total":0,"covered":0,"skipped":0,"pct":100}}
,"/mnt/aliyun/qx/codeCoverage/environment/deepsmith/deepsmith_corpus/12271.js": {"lines":{"total":10,"covered":4,"skipped":0,"pct":40},"functions":{"total":3,"covered":1,"skipped":0,"pct":33.33},"statements":{"total":10,"covered":4,"skipped":0,"pct":40},"branches":{"total":0,"covered":0,"skipped":0,"pct":100}}
,"/mnt/aliyun/qx/codeCoverage/environment/deepsmith/deepsmith_corpus/12298.js": {"lines":{"total":4,"covered":4,"skipped":0,"pct":100},"functions":{"total":1,"covered":1,"skipped":0,"pct":100},"statements":{"total":4,"covered":4,"skipped":0,"pct":100},"branches":{"total":0,"covered":0,"skipped":0,"pct":100}}
,"/mnt/aliyun/qx/codeCoverage/environment/deepsmith/deepsmith_corpus/12314.js": {"lines":{"total":17,"covered":3,"skipped":0,"pct":17.65},"functions":{"total":1,"covered":1,"skipped":0,"pct":100},"statements":{"total":17,"covered":3,"skipped":0,"pct":17.65},"branches":{"total":6,"covered":0,"skipped":0,"pct":0}}
,"/mnt/aliyun/qx/codeCoverage/environment/deepsmith/deepsmith_corpus/12320.js": {"lines":{"total":6,"covered":4,"skipped":0,"pct":66.67},"functions":{"total":2,"covered":1,"skipped":0,"pct":50},"statements":{"total":6,"covered":4,"skipped":0,"pct":66.67},"branches":{"total":0,"covered":0,"skipped":0,"pct":100}}
,"/mnt/aliyun/qx/codeCoverage/environment/deepsmith/deepsmith_corpus/12322.js": {"lines":{"total":5,"covered":4,"skipped":0,"pct":80},"functions":{"total":2,"covered":1,"skipped":0,"pct":50},"statements":{"total":5,"covered":4,"skipped":0,"pct":80},"branches":{"total":0,"covered":0,"skipped":0,"pct":100}}
,"/mnt/aliyun/qx/codeCoverage/environment/deepsmith/deepsmith_corpus/12332.js": {"lines":{"total":4,"covered":4,"skipped":0,"pct":100},"functions":{"total":1,"covered":1,"skipped":0,"pct":100},"statements":{"total":4,"covered":4,"skipped":0,"pct":100},"branches":{"total":0,"covered":0,"skipped":0,"pct":100}}
,"/mnt/aliyun/qx/codeCoverage/environment/deepsmith/deepsmith_corpus/12351.js": {"lines":{"total":21,"covered":5,"skipped":0,"pct":23.81},"functions":{"total":6,"covered":1,"skipped":0,"pct":16.67},"statements":{"total":21,"covered":5,"skipped":0,"pct":23.81},"branches":{"total":8,"covered":0,"skipped":0,"pct":0}}
,"/mnt/aliyun/qx/codeCoverage/environment/deepsmith/deepsmith_corpus/12383.js": {"lines":{"total":5,"covered":4,"skipped":0,"pct":80},"functions":{"total":2,"covered":1,"skipped":0,"pct":50},"statements":{"total":5,"covered":4,"skipped":0,"pct":80},"branches":{"total":0,"covered":0,"skipped":0,"pct":100}}
,"/mnt/aliyun/qx/codeCoverage/environment/deepsmith/deepsmith_corpus/12385.js": {"lines":{"total":8,"covered":4,"skipped":0,"pct":50},"functions":{"total":5,"covered":1,"skipped":0,"pct":20},"statements":{"total":8,"covered":4,"skipped":0,"pct":50},"branches":{"total":0,"covered":0,"skipped":0,"pct":100}}
,"/mnt/aliyun/qx/codeCoverage/environment/deepsmith/deepsmith_corpus/124.js": {"lines":{"total":5,"covered":4,"skipped":0,"pct":80},"functions":{"total":2,"covered":1,"skipped":0,"pct":50},"statements":{"total":5,"covered":4,"skipped":0,"pct":80},"branches":{"total":0,"covered":0,"skipped":0,"pct":100}}
,"/mnt/aliyun/qx/codeCoverage/environment/deepsmith/deepsmith_corpus/1240.js": {"lines":{"total":4,"covered":4,"skipped":0,"pct":100},"functions":{"total":1,"covered":1,"skipped":0,"pct":100},"statements":{"total":4,"covered":4,"skipped":0,"pct":100},"branches":{"total":0,"covered":0,"skipped":0,"pct":100}}
,"/mnt/aliyun/qx/codeCoverage/environment/deepsmith/deepsmith_corpus/12423.js": {"lines":{"total":3,"covered":3,"skipped":0,"pct":100},"functions":{"total":1,"covered":1,"skipped":0,"pct":100},"statements":{"total":3,"covered":3,"skipped":0,"pct":100},"branches":{"total":0,"covered":0,"skipped":0,"pct":100}}
,"/mnt/aliyun/qx/codeCoverage/environment/deepsmith/deepsmith_corpus/12424.js": {"lines":{"total":11,"covered":5,"skipped":0,"pct":45.45},"functions":{"total":5,"covered":1,"skipped":0,"pct":20},"statements":{"total":11,"covered":5,"skipped":0,"pct":45.45},"branches":{"total":0,"covered":0,"skipped":0,"pct":100}}
,"/mnt/aliyun/qx/codeCoverage/environment/deepsmith/deepsmith_corpus/12451.js": {"lines":{"total":5,"covered":5,"skipped":0,"pct":100},"functions":{"total":1,"covered":1,"skipped":0,"pct":100},"statements":{"total":5,"covered":5,"skipped":0,"pct":100},"branches":{"total":0,"covered":0,"skipped":0,"pct":100}}
,"/mnt/aliyun/qx/codeCoverage/environment/deepsmith/deepsmith_corpus/12501.js": {"lines":{"total":4,"covered":4,"skipped":0,"pct":100},"functions":{"total":1,"covered":1,"skipped":0,"pct":100},"statements":{"total":4,"covered":4,"skipped":0,"pct":100},"branches":{"total":0,"covered":0,"skipped":0,"pct":100}}
,"/mnt/aliyun/qx/codeCoverage/environment/deepsmith/deepsmith_corpus/1251.js": {"lines":{"total":4,"covered":4,"skipped":0,"pct":100},"functions":{"total":1,"covered":1,"skipped":0,"pct":100},"statements":{"total":4,"covered":4,"skipped":0,"pct":100},"branches":{"total":0,"covered":0,"skipped":0,"pct":100}}
,"/mnt/aliyun/qx/codeCoverage/environment/deepsmith/deepsmith_corpus/12517.js": {"lines":{"total":9,"covered":4,"skipped":0,"pct":44.44},"functions":{"total":2,"covered":1,"skipped":0,"pct":50},"statements":{"total":9,"covered":4,"skipped":0,"pct":44.44},"branches":{"total":11,"covered":0,"skipped":0,"pct":0}}
,"/mnt/aliyun/qx/codeCoverage/environment/deepsmith/deepsmith_corpus/12521.js": {"lines":{"total":4,"covered":4,"skipped":0,"pct":100},"functions":{"total":1,"covered":1,"skipped":0,"pct":100},"statements":{"total":4,"covered":4,"skipped":0,"pct":100},"branches":{"total":0,"covered":0,"skipped":0,"pct":100}}
,"/mnt/aliyun/qx/codeCoverage/environment/deepsmith/deepsmith_corpus/1253.js": {"lines":{"total":11,"covered":4,"skipped":0,"pct":36.36},"functions":{"total":1,"covered":1,"skipped":0,"pct":100},"statements":{"total":11,"covered":4,"skipped":0,"pct":36.36},"branches":{"total":4,"covered":0,"skipped":0,"pct":0}}
,"/mnt/aliyun/qx/codeCoverage/environment/deepsmith/deepsmith_corpus/12541.js": {"lines":{"total":3,"covered":3,"skipped":0,"pct":100},"functions":{"total":1,"covered":1,"skipped":0,"pct":100},"statements":{"total":3,"covered":3,"skipped":0,"pct":100},"branches":{"total":0,"covered":0,"skipped":0,"pct":100}}
,"/mnt/aliyun/qx/codeCoverage/environment/deepsmith/deepsmith_corpus/12552.js": {"lines":{"total":6,"covered":5,"skipped":0,"pct":83.33},"functions":{"total":2,"covered":1,"skipped":0,"pct":50},"statements":{"total":6,"covered":5,"skipped":0,"pct":83.33},"branches":{"total":0,"covered":0,"skipped":0,"pct":100}}
,"/mnt/aliyun/qx/codeCoverage/environment/deepsmith/deepsmith_corpus/12563.js": {"lines":{"total":5,"covered":5,"skipped":0,"pct":100},"functions":{"total":1,"covered":1,"skipped":0,"pct":100},"statements":{"total":5,"covered":5,"skipped":0,"pct":100},"branches":{"total":0,"covered":0,"skipped":0,"pct":100}}
,"/mnt/aliyun/qx/codeCoverage/environment/deepsmith/deepsmith_corpus/12578.js": {"lines":{"total":4,"covered":4,"skipped":0,"pct":100},"functions":{"total":1,"covered":1,"skipped":0,"pct":100},"statements":{"total":4,"covered":4,"skipped":0,"pct":100},"branches":{"total":0,"covered":0,"skipped":0,"pct":100}}
,"/mnt/aliyun/qx/codeCoverage/environment/deepsmith/deepsmith_corpus/1259.js": {"lines":{"total":9,"covered":7,"skipped":0,"pct":77.78},"functions":{"total":3,"covered":1,"skipped":0,"pct":33.33},"statements":{"total":9,"covered":7,"skipped":0,"pct":77.78},"branches":{"total":0,"covered":0,"skipped":0,"pct":100}}
,"/mnt/aliyun/qx/codeCoverage/environment/deepsmith/deepsmith_corpus/12595.js": {"lines":{"total":6,"covered":5,"skipped":0,"pct":83.33},"functions":{"total":2,"covered":1,"skipped":0,"pct":50},"statements":{"total":6,"covered":5,"skipped":0,"pct":83.33},"branches":{"total":0,"covered":0,"skipped":0,"pct":100}}
,"/mnt/aliyun/qx/codeCoverage/environment/deepsmith/deepsmith_corpus/12603.js": {"lines":{"total":4,"covered":4,"skipped":0,"pct":100},"functions":{"total":1,"covered":1,"skipped":0,"pct":100},"statements":{"total":4,"covered":4,"skipped":0,"pct":100},"branches":{"total":2,"covered":1,"skipped":0,"pct":50}}
,"/mnt/aliyun/qx/codeCoverage/environment/deepsmith/deepsmith_corpus/12615.js": {"lines":{"total":16,"covered":5,"skipped":0,"pct":31.25},"functions":{"total":5,"covered":1,"skipped":0,"pct":20},"statements":{"total":16,"covered":5,"skipped":0,"pct":31.25},"branches":{"total":6,"covered":1,"skipped":0,"pct":16.67}}
,"/mnt/aliyun/qx/codeCoverage/environment/deepsmith/deepsmith_corpus/12619.js": {"lines":{"total":15,"covered":4,"skipped":0,"pct":26.67},"functions":{"total":1,"covered":1,"skipped":0,"pct":100},"statements":{"total":15,"covered":4,"skipped":0,"pct":26.67},"branches":{"total":4,"covered":0,"skipped":0,"pct":0}}
,"/mnt/aliyun/qx/codeCoverage/environment/deepsmith/deepsmith_corpus/12686.js": {"lines":{"total":5,"covered":4,"skipped":0,"pct":80},"functions":{"total":2,"covered":1,"skipped":0,"pct":50},"statements":{"total":5,"covered":4,"skipped":0,"pct":80},"branches":{"total":0,"covered":0,"skipped":0,"pct":100}}
,"/mnt/aliyun/qx/codeCoverage/environment/deepsmith/deepsmith_corpus/12687.js": {"lines":{"total":4,"covered":4,"skipped":0,"pct":100},"functions":{"total":1,"covered":1,"skipped":0,"pct":100},"statements":{"total":4,"covered":4,"skipped":0,"pct":100},"branches":{"total":0,"covered":0,"skipped":0,"pct":100}}
,"/mnt/aliyun/qx/codeCoverage/environment/deepsmith/deepsmith_corpus/12695.js": {"lines":{"total":11,"covered":6,"skipped":0,"pct":54.55},"functions":{"total":1,"covered":1,"skipped":0,"pct":100},"statements":{"total":11,"covered":6,"skipped":0,"pct":54.55},"branches":{"total":4,"covered":0,"skipped":0,"pct":0}}
,"/mnt/aliyun/qx/codeCoverage/environment/deepsmith/deepsmith_corpus/12698.js": {"lines":{"total":6,"covered":4,"skipped":0,"pct":66.67},"functions":{"total":4,"covered":1,"skipped":0,"pct":25},"statements":{"total":6,"covered":4,"skipped":0,"pct":66.67},"branches":{"total":2,"covered":0,"skipped":0,"pct":0}}
,"/mnt/aliyun/qx/codeCoverage/environment/deepsmith/deepsmith_corpus/12702.js": {"lines":{"total":11,"covered":5,"skipped":0,"pct":45.45},"functions":{"total":7,"covered":1,"skipped":0,"pct":14.29},"statements":{"total":11,"covered":5,"skipped":0,"pct":45.45},"branches":{"total":2,"covered":0,"skipped":0,"pct":0}}
,"/mnt/aliyun/qx/codeCoverage/environment/deepsmith/deepsmith_corpus/12707.js": {"lines":{"total":4,"covered":4,"skipped":0,"pct":100},"functions":{"total":1,"covered":1,"skipped":0,"pct":100},"statements":{"total":4,"covered":4,"skipped":0,"pct":100},"branches":{"total":0,"covered":0,"skipped":0,"pct":100}}
,"/mnt/aliyun/qx/codeCoverage/environment/deepsmith/deepsmith_corpus/12711.js": {"lines":{"total":6,"covered":5,"skipped":0,"pct":83.33},"functions":{"total":2,"covered":1,"skipped":0,"pct":50},"statements":{"total":6,"covered":5,"skipped":0,"pct":83.33},"branches":{"total":0,"covered":0,"skipped":0,"pct":100}}
,"/mnt/aliyun/qx/codeCoverage/environment/deepsmith/deepsmith_corpus/12720.js": {"lines":{"total":5,"covered":5,"skipped":0,"pct":100},"functions":{"total":1,"covered":1,"skipped":0,"pct":100},"statements":{"total":5,"covered":5,"skipped":0,"pct":100},"branches":{"total":0,"covered":0,"skipped":0,"pct":100}}
,"/mnt/aliyun/qx/codeCoverage/environment/deepsmith/deepsmith_corpus/12733.js": {"lines":{"total":4,"covered":4,"skipped":0,"pct":100},"functions":{"total":1,"covered":1,"skipped":0,"pct":100},"statements":{"total":4,"covered":4,"skipped":0,"pct":100},"branches":{"total":0,"covered":0,"skipped":0,"pct":100}}
,"/mnt/aliyun/qx/codeCoverage/environment/deepsmith/deepsmith_corpus/12741.js": {"lines":{"total":4,"covered":4,"skipped":0,"pct":100},"functions":{"total":1,"covered":1,"skipped":0,"pct":100},"statements":{"total":4,"covered":4,"skipped":0,"pct":100},"branches":{"total":0,"covered":0,"skipped":0,"pct":100}}
,"/mnt/aliyun/qx/codeCoverage/environment/deepsmith/deepsmith_corpus/12750.js": {"lines":{"total":5,"covered":4,"skipped":0,"pct":80},"functions":{"total":2,"covered":1,"skipped":0,"pct":50},"statements":{"total":5,"covered":4,"skipped":0,"pct":80},"branches":{"total":0,"covered":0,"skipped":0,"pct":100}}
,"/mnt/aliyun/qx/codeCoverage/environment/deepsmith/deepsmith_corpus/12756.js": {"lines":{"total":5,"covered":5,"skipped":0,"pct":100},"functions":{"total":1,"covered":1,"skipped":0,"pct":100},"statements":{"total":5,"covered":5,"skipped":0,"pct":100},"branches":{"total":2,"covered":1,"skipped":0,"pct":50}}
,"/mnt/aliyun/qx/codeCoverage/environment/deepsmith/deepsmith_corpus/12806.js": {"lines":{"total":11,"covered":4,"skipped":0,"pct":36.36},"functions":{"total":3,"covered":1,"skipped":0,"pct":33.33},"statements":{"total":11,"covered":4,"skipped":0,"pct":36.36},"branches":{"total":0,"covered":0,"skipped":0,"pct":100}}
,"/mnt/aliyun/qx/codeCoverage/environment/deepsmith/deepsmith_corpus/12811.js": {"lines":{"total":4,"covered":4,"skipped":0,"pct":100},"functions":{"total":1,"covered":1,"skipped":0,"pct":100},"statements":{"total":4,"covered":4,"skipped":0,"pct":100},"branches":{"total":0,"covered":0,"skipped":0,"pct":100}}
,"/mnt/aliyun/qx/codeCoverage/environment/deepsmith/deepsmith_corpus/12839.js": {"lines":{"total":7,"covered":6,"skipped":0,"pct":85.71},"functions":{"total":1,"covered":1,"skipped":0,"pct":100},"statements":{"total":7,"covered":6,"skipped":0,"pct":85.71},"branches":{"total":2,"covered":0,"skipped":0,"pct":0}}
,"/mnt/aliyun/qx/codeCoverage/environment/deepsmith/deepsmith_corpus/12844.js": {"lines":{"total":7,"covered":4,"skipped":0,"pct":57.14},"functions":{"total":4,"covered":1,"skipped":0,"pct":25},"statements":{"total":7,"covered":4,"skipped":0,"pct":57.14},"branches":{"total":0,"covered":0,"skipped":0,"pct":100}}
,"/mnt/aliyun/qx/codeCoverage/environment/deepsmith/deepsmith_corpus/12850.js": {"lines":{"total":5,"covered":4,"skipped":0,"pct":80},"functions":{"total":1,"covered":1,"skipped":0,"pct":100},"statements":{"total":5,"covered":4,"skipped":0,"pct":80},"branches":{"total":0,"covered":0,"skipped":0,"pct":100}}
,"/mnt/aliyun/qx/codeCoverage/environment/deepsmith/deepsmith_corpus/1286.js": {"lines":{"total":17,"covered":6,"skipped":0,"pct":35.29},"functions":{"total":1,"covered":1,"skipped":0,"pct":100},"statements":{"total":18,"covered":7,"skipped":0,"pct":38.89},"branches":{"total":10,"covered":0,"skipped":0,"pct":0}}
,"/mnt/aliyun/qx/codeCoverage/environment/deepsmith/deepsmith_corpus/129.js": {"lines":{"total":6,"covered":4,"skipped":0,"pct":66.67},"functions":{"total":3,"covered":1,"skipped":0,"pct":33.33},"statements":{"total":6,"covered":4,"skipped":0,"pct":66.67},"branches":{"total":0,"covered":0,"skipped":0,"pct":100}}
,"/mnt/aliyun/qx/codeCoverage/environment/deepsmith/deepsmith_corpus/12912.js": {"lines":{"total":5,"covered":5,"skipped":0,"pct":100},"functions":{"total":1,"covered":1,"skipped":0,"pct":100},"statements":{"total":5,"covered":5,"skipped":0,"pct":100},"branches":{"total":0,"covered":0,"skipped":0,"pct":100}}
,"/mnt/aliyun/qx/codeCoverage/environment/deepsmith/deepsmith_corpus/12923.js": {"lines":{"total":21,"covered":6,"skipped":0,"pct":28.57},"functions":{"total":1,"covered":1,"skipped":0,"pct":100},"statements":{"total":21,"covered":6,"skipped":0,"pct":28.57},"branches":{"total":4,"covered":0,"skipped":0,"pct":0}}
,"/mnt/aliyun/qx/codeCoverage/environment/deepsmith/deepsmith_corpus/12924.js": {"lines":{"total":4,"covered":4,"skipped":0,"pct":100},"functions":{"total":1,"covered":1,"skipped":0,"pct":100},"statements":{"total":4,"covered":4,"skipped":0,"pct":100},"branches":{"total":0,"covered":0,"skipped":0,"pct":100}}
,"/mnt/aliyun/qx/codeCoverage/environment/deepsmith/deepsmith_corpus/12930.js": {"lines":{"total":8,"covered":5,"skipped":0,"pct":62.5},"functions":{"total":3,"covered":1,"skipped":0,"pct":33.33},"statements":{"total":8,"covered":5,"skipped":0,"pct":62.5},"branches":{"total":2,"covered":0,"skipped":0,"pct":0}}
,"/mnt/aliyun/qx/codeCoverage/environment/deepsmith/deepsmith_corpus/1298.js": {"lines":{"total":6,"covered":4,"skipped":0,"pct":66.67},"functions":{"total":3,"covered":1,"skipped":0,"pct":33.33},"statements":{"total":6,"covered":4,"skipped":0,"pct":66.67},"branches":{"total":0,"covered":0,"skipped":0,"pct":100}}
,"/mnt/aliyun/qx/codeCoverage/environment/deepsmith/deepsmith_corpus/1308.js": {"lines":{"total":4,"covered":4,"skipped":0,"pct":100},"functions":{"total":1,"covered":1,"skipped":0,"pct":100},"statements":{"total":4,"covered":4,"skipped":0,"pct":100},"branches":{"total":0,"covered":0,"skipped":0,"pct":100}}
,"/mnt/aliyun/qx/codeCoverage/environment/deepsmith/deepsmith_corpus/132.js": {"lines":{"total":5,"covered":4,"skipped":0,"pct":80},"functions":{"total":2,"covered":1,"skipped":0,"pct":50},"statements":{"total":5,"covered":4,"skipped":0,"pct":80},"branches":{"total":0,"covered":0,"skipped":0,"pct":100}}
,"/mnt/aliyun/qx/codeCoverage/environment/deepsmith/deepsmith_corpus/1332.js": {"lines":{"total":4,"covered":4,"skipped":0,"pct":100},"functions":{"total":1,"covered":1,"skipped":0,"pct":100},"statements":{"total":4,"covered":4,"skipped":0,"pct":100},"branches":{"total":0,"covered":0,"skipped":0,"pct":100}}
,"/mnt/aliyun/qx/codeCoverage/environment/deepsmith/deepsmith_corpus/1374.js": {"lines":{"total":6,"covered":5,"skipped":0,"pct":83.33},"functions":{"total":3,"covered":1,"skipped":0,"pct":33.33},"statements":{"total":6,"covered":5,"skipped":0,"pct":83.33},"branches":{"total":0,"covered":0,"skipped":0,"pct":100}}
,"/mnt/aliyun/qx/codeCoverage/environment/deepsmith/deepsmith_corpus/1388.js": {"lines":{"total":7,"covered":4,"skipped":0,"pct":57.14},"functions":{"total":4,"covered":1,"skipped":0,"pct":25},"statements":{"total":7,"covered":4,"skipped":0,"pct":57.14},"branches":{"total":0,"covered":0,"skipped":0,"pct":100}}
,"/mnt/aliyun/qx/codeCoverage/environment/deepsmith/deepsmith_corpus/1442.js": {"lines":{"total":8,"covered":5,"skipped":0,"pct":62.5},"functions":{"total":5,"covered":1,"skipped":0,"pct":20},"statements":{"total":8,"covered":5,"skipped":0,"pct":62.5},"branches":{"total":0,"covered":0,"skipped":0,"pct":100}}
,"/mnt/aliyun/qx/codeCoverage/environment/deepsmith/deepsmith_corpus/1443.js": {"lines":{"total":4,"covered":4,"skipped":0,"pct":100},"functions":{"total":1,"covered":1,"skipped":0,"pct":100},"statements":{"total":4,"covered":4,"skipped":0,"pct":100},"branches":{"total":0,"covered":0,"skipped":0,"pct":100}}
,"/mnt/aliyun/qx/codeCoverage/environment/deepsmith/deepsmith_corpus/1461.js": {"lines":{"total":6,"covered":5,"skipped":0,"pct":83.33},"functions":{"total":2,"covered":1,"skipped":0,"pct":50},"statements":{"total":6,"covered":5,"skipped":0,"pct":83.33},"branches":{"total":4,"covered":0,"skipped":0,"pct":0}}
,"/mnt/aliyun/qx/codeCoverage/environment/deepsmith/deepsmith_corpus/1463.js": {"lines":{"total":5,"covered":5,"skipped":0,"pct":100},"functions":{"total":1,"covered":1,"skipped":0,"pct":100},"statements":{"total":5,"covered":5,"skipped":0,"pct":100},"branches":{"total":0,"covered":0,"skipped":0,"pct":100}}
,"/mnt/aliyun/qx/codeCoverage/environment/deepsmith/deepsmith_corpus/1468.js": {"lines":{"total":4,"covered":4,"skipped":0,"pct":100},"functions":{"total":1,"covered":1,"skipped":0,"pct":100},"statements":{"total":4,"covered":4,"skipped":0,"pct":100},"branches":{"total":0,"covered":0,"skipped":0,"pct":100}}
,"/mnt/aliyun/qx/codeCoverage/environment/deepsmith/deepsmith_corpus/1509.js": {"lines":{"total":5,"covered":4,"skipped":0,"pct":80},"functions":{"total":2,"covered":1,"skipped":0,"pct":50},"statements":{"total":5,"covered":4,"skipped":0,"pct":80},"branches":{"total":2,"covered":2,"skipped":0,"pct":100}}
,"/mnt/aliyun/qx/codeCoverage/environment/deepsmith/deepsmith_corpus/1537.js": {"lines":{"total":19,"covered":4,"skipped":0,"pct":21.05},"functions":{"total":2,"covered":1,"skipped":0,"pct":50},"statements":{"total":19,"covered":4,"skipped":0,"pct":21.05},"branches":{"total":6,"covered":0,"skipped":0,"pct":0}}
,"/mnt/aliyun/qx/codeCoverage/environment/deepsmith/deepsmith_corpus/1561.js": {"lines":{"total":9,"covered":4,"skipped":0,"pct":44.44},"functions":{"total":3,"covered":1,"skipped":0,"pct":33.33},"statements":{"total":9,"covered":4,"skipped":0,"pct":44.44},"branches":{"total":0,"covered":0,"skipped":0,"pct":100}}
,"/mnt/aliyun/qx/codeCoverage/environment/deepsmith/deepsmith_corpus/1587.js": {"lines":{"total":17,"covered":4,"skipped":0,"pct":23.53},"functions":{"total":2,"covered":1,"skipped":0,"pct":50},"statements":{"total":18,"covered":4,"skipped":0,"pct":22.22},"branches":{"total":6,"covered":0,"skipped":0,"pct":0}}
,"/mnt/aliyun/qx/codeCoverage/environment/deepsmith/deepsmith_corpus/1590.js": {"lines":{"total":11,"covered":4,"skipped":0,"pct":36.36},"functions":{"total":1,"covered":1,"skipped":0,"pct":100},"statements":{"total":11,"covered":4,"skipped":0,"pct":36.36},"branches":{"total":2,"covered":0,"skipped":0,"pct":0}}
,"/mnt/aliyun/qx/codeCoverage/environment/deepsmith/deepsmith_corpus/1644.js": {"lines":{"total":5,"covered":5,"skipped":0,"pct":100},"functions":{"total":2,"covered":1,"skipped":0,"pct":50},"statements":{"total":5,"covered":5,"skipped":0,"pct":100},"branches":{"total":0,"covered":0,"skipped":0,"pct":100}}
,"/mnt/aliyun/qx/codeCoverage/environment/deepsmith/deepsmith_corpus/1645.js": {"lines":{"total":12,"covered":5,"skipped":0,"pct":41.67},"functions":{"total":3,"covered":1,"skipped":0,"pct":33.33},"statements":{"total":12,"covered":5,"skipped":0,"pct":41.67},"branches":{"total":8,"covered":4,"skipped":0,"pct":50}}
,"/mnt/aliyun/qx/codeCoverage/environment/deepsmith/deepsmith_corpus/1657.js": {"lines":{"total":8,"covered":4,"skipped":0,"pct":50},"functions":{"total":5,"covered":1,"skipped":0,"pct":20},"statements":{"total":8,"covered":4,"skipped":0,"pct":50},"branches":{"total":0,"covered":0,"skipped":0,"pct":100}}
,"/mnt/aliyun/qx/codeCoverage/environment/deepsmith/deepsmith_corpus/1663.js": {"lines":{"total":7,"covered":4,"skipped":0,"pct":57.14},"functions":{"total":3,"covered":1,"skipped":0,"pct":33.33},"statements":{"total":8,"covered":4,"skipped":0,"pct":50},"branches":{"total":4,"covered":2,"skipped":0,"pct":50}}
,"/mnt/aliyun/qx/codeCoverage/environment/deepsmith/deepsmith_corpus/1681.js": {"lines":{"total":4,"covered":4,"skipped":0,"pct":100},"functions":{"total":1,"covered":1,"skipped":0,"pct":100},"statements":{"total":4,"covered":4,"skipped":0,"pct":100},"branches":{"total":0,"covered":0,"skipped":0,"pct":100}}
,"/mnt/aliyun/qx/codeCoverage/environment/deepsmith/deepsmith_corpus/1682.js": {"lines":{"total":9,"covered":4,"skipped":0,"pct":44.44},"functions":{"total":5,"covered":1,"skipped":0,"pct":20},"statements":{"total":9,"covered":4,"skipped":0,"pct":44.44},"branches":{"total":0,"covered":0,"skipped":0,"pct":100}}
,"/mnt/aliyun/qx/codeCoverage/environment/deepsmith/deepsmith_corpus/1717.js": {"lines":{"total":4,"covered":4,"skipped":0,"pct":100},"functions":{"total":1,"covered":1,"skipped":0,"pct":100},"statements":{"total":4,"covered":4,"skipped":0,"pct":100},"branches":{"total":0,"covered":0,"skipped":0,"pct":100}}
,"/mnt/aliyun/qx/codeCoverage/environment/deepsmith/deepsmith_corpus/1722.js": {"lines":{"total":7,"covered":5,"skipped":0,"pct":71.43},"functions":{"total":3,"covered":1,"skipped":0,"pct":33.33},"statements":{"total":7,"covered":5,"skipped":0,"pct":71.43},"branches":{"total":0,"covered":0,"skipped":0,"pct":100}}
,"/mnt/aliyun/qx/codeCoverage/environment/deepsmith/deepsmith_corpus/1749.js": {"lines":{"total":5,"covered":5,"skipped":0,"pct":100},"functions":{"total":1,"covered":1,"skipped":0,"pct":100},"statements":{"total":5,"covered":5,"skipped":0,"pct":100},"branches":{"total":0,"covered":0,"skipped":0,"pct":100}}
,"/mnt/aliyun/qx/codeCoverage/environment/deepsmith/deepsmith_corpus/1780.js": {"lines":{"total":5,"covered":5,"skipped":0,"pct":100},"functions":{"total":1,"covered":1,"skipped":0,"pct":100},"statements":{"total":5,"covered":5,"skipped":0,"pct":100},"branches":{"total":0,"covered":0,"skipped":0,"pct":100}}
,"/mnt/aliyun/qx/codeCoverage/environment/deepsmith/deepsmith_corpus/1794.js": {"lines":{"total":4,"covered":4,"skipped":0,"pct":100},"functions":{"total":1,"covered":1,"skipped":0,"pct":100},"statements":{"total":4,"covered":4,"skipped":0,"pct":100},"branches":{"total":0,"covered":0,"skipped":0,"pct":100}}
,"/mnt/aliyun/qx/codeCoverage/environment/deepsmith/deepsmith_corpus/1824.js": {"lines":{"total":13,"covered":5,"skipped":0,"pct":38.46},"functions":{"total":1,"covered":1,"skipped":0,"pct":100},"statements":{"total":13,"covered":5,"skipped":0,"pct":38.46},"branches":{"total":10,"covered":2,"skipped":0,"pct":20}}
,"/mnt/aliyun/qx/codeCoverage/environment/deepsmith/deepsmith_corpus/1833.js": {"lines":{"total":5,"covered":5,"skipped":0,"pct":100},"functions":{"total":1,"covered":1,"skipped":0,"pct":100},"statements":{"total":5,"covered":5,"skipped":0,"pct":100},"branches":{"total":0,"covered":0,"skipped":0,"pct":100}}
,"/mnt/aliyun/qx/codeCoverage/environment/deepsmith/deepsmith_corpus/1834.js": {"lines":{"total":6,"covered":5,"skipped":0,"pct":83.33},"functions":{"total":1,"covered":1,"skipped":0,"pct":100},"statements":{"total":6,"covered":5,"skipped":0,"pct":83.33},"branches":{"total":0,"covered":0,"skipped":0,"pct":100}}
,"/mnt/aliyun/qx/codeCoverage/environment/deepsmith/deepsmith_corpus/1838.js": {"lines":{"total":3,"covered":3,"skipped":0,"pct":100},"functions":{"total":1,"covered":1,"skipped":0,"pct":100},"statements":{"total":3,"covered":3,"skipped":0,"pct":100},"branches":{"total":0,"covered":0,"skipped":0,"pct":100}}
,"/mnt/aliyun/qx/codeCoverage/environment/deepsmith/deepsmith_corpus/1847.js": {"lines":{"total":5,"covered":4,"skipped":0,"pct":80},"functions":{"total":2,"covered":1,"skipped":0,"pct":50},"statements":{"total":5,"covered":4,"skipped":0,"pct":80},"branches":{"total":2,"covered":0,"skipped":0,"pct":0}}
,"/mnt/aliyun/qx/codeCoverage/environment/deepsmith/deepsmith_corpus/1856.js": {"lines":{"total":7,"covered":5,"skipped":0,"pct":71.43},"functions":{"total":3,"covered":1,"skipped":0,"pct":33.33},"statements":{"total":7,"covered":5,"skipped":0,"pct":71.43},"branches":{"total":0,"covered":0,"skipped":0,"pct":100}}
,"/mnt/aliyun/qx/codeCoverage/environment/deepsmith/deepsmith_corpus/1866.js": {"lines":{"total":5,"covered":4,"skipped":0,"pct":80},"functions":{"total":2,"covered":1,"skipped":0,"pct":50},"statements":{"total":5,"covered":4,"skipped":0,"pct":80},"branches":{"total":0,"covered":0,"skipped":0,"pct":100}}
,"/mnt/aliyun/qx/codeCoverage/environment/deepsmith/deepsmith_corpus/190.js": {"lines":{"total":4,"covered":4,"skipped":0,"pct":100},"functions":{"total":1,"covered":1,"skipped":0,"pct":100},"statements":{"total":4,"covered":4,"skipped":0,"pct":100},"branches":{"total":0,"covered":0,"skipped":0,"pct":100}}
,"/mnt/aliyun/qx/codeCoverage/environment/deepsmith/deepsmith_corpus/1903.js": {"lines":{"total":4,"covered":4,"skipped":0,"pct":100},"functions":{"total":1,"covered":1,"skipped":0,"pct":100},"statements":{"total":4,"covered":4,"skipped":0,"pct":100},"branches":{"total":0,"covered":0,"skipped":0,"pct":100}}
,"/mnt/aliyun/qx/codeCoverage/environment/deepsmith/deepsmith_corpus/1955.js": {"lines":{"total":9,"covered":4,"skipped":0,"pct":44.44},"functions":{"total":6,"covered":1,"skipped":0,"pct":16.67},"statements":{"total":9,"covered":4,"skipped":0,"pct":44.44},"branches":{"total":4,"covered":1,"skipped":0,"pct":25}}
,"/mnt/aliyun/qx/codeCoverage/environment/deepsmith/deepsmith_corpus/1960.js": {"lines":{"total":5,"covered":4,"skipped":0,"pct":80},"functions":{"total":2,"covered":1,"skipped":0,"pct":50},"statements":{"total":5,"covered":4,"skipped":0,"pct":80},"branches":{"total":2,"covered":2,"skipped":0,"pct":100}}
,"/mnt/aliyun/qx/codeCoverage/environment/deepsmith/deepsmith_corpus/1973.js": {"lines":{"total":7,"covered":6,"skipped":0,"pct":85.71},"functions":{"total":2,"covered":1,"skipped":0,"pct":50},"statements":{"total":7,"covered":6,"skipped":0,"pct":85.71},"branches":{"total":0,"covered":0,"skipped":0,"pct":100}}
,"/mnt/aliyun/qx/codeCoverage/environment/deepsmith/deepsmith_corpus/1975.js": {"lines":{"total":6,"covered":6,"skipped":0,"pct":100},"functions":{"total":1,"covered":1,"skipped":0,"pct":100},"statements":{"total":7,"covered":6,"skipped":0,"pct":85.71},"branches":{"total":4,"covered":1,"skipped":0,"pct":25}}
,"/mnt/aliyun/qx/codeCoverage/environment/deepsmith/deepsmith_corpus/1977.js": {"lines":{"total":7,"covered":5,"skipped":0,"pct":71.43},"functions":{"total":2,"covered":1,"skipped":0,"pct":50},"statements":{"total":7,"covered":5,"skipped":0,"pct":71.43},"branches":{"total":0,"covered":0,"skipped":0,"pct":100}}
,"/mnt/aliyun/qx/codeCoverage/environment/deepsmith/deepsmith_corpus/1988.js": {"lines":{"total":4,"covered":4,"skipped":0,"pct":100},"functions":{"total":1,"covered":1,"skipped":0,"pct":100},"statements":{"total":4,"covered":4,"skipped":0,"pct":100},"branches":{"total":0,"covered":0,"skipped":0,"pct":100}}
,"/mnt/aliyun/qx/codeCoverage/environment/deepsmith/deepsmith_corpus/2008.js": {"lines":{"total":3,"covered":3,"skipped":0,"pct":100},"functions":{"total":1,"covered":1,"skipped":0,"pct":100},"statements":{"total":3,"covered":3,"skipped":0,"pct":100},"branches":{"total":0,"covered":0,"skipped":0,"pct":100}}
,"/mnt/aliyun/qx/codeCoverage/environment/deepsmith/deepsmith_corpus/2026.js": {"lines":{"total":5,"covered":5,"skipped":0,"pct":100},"functions":{"total":1,"covered":1,"skipped":0,"pct":100},"statements":{"total":5,"covered":5,"skipped":0,"pct":100},"branches":{"total":0,"covered":0,"skipped":0,"pct":100}}
,"/mnt/aliyun/qx/codeCoverage/environment/deepsmith/deepsmith_corpus/2042.js": {"lines":{"total":11,"covered":6,"skipped":0,"pct":54.55},"functions":{"total":1,"covered":1,"skipped":0,"pct":100},"statements":{"total":11,"covered":6,"skipped":0,"pct":54.55},"branches":{"total":8,"covered":0,"skipped":0,"pct":0}}
,"/mnt/aliyun/qx/codeCoverage/environment/deepsmith/deepsmith_corpus/2051.js": {"lines":{"total":7,"covered":5,"skipped":0,"pct":71.43},"functions":{"total":1,"covered":1,"skipped":0,"pct":100},"statements":{"total":7,"covered":5,"skipped":0,"pct":71.43},"branches":{"total":4,"covered":0,"skipped":0,"pct":0}}
,"/mnt/aliyun/qx/codeCoverage/environment/deepsmith/deepsmith_corpus/2062.js": {"lines":{"total":5,"covered":4,"skipped":0,"pct":80},"functions":{"total":2,"covered":1,"skipped":0,"pct":50},"statements":{"total":5,"covered":4,"skipped":0,"pct":80},"branches":{"total":0,"covered":0,"skipped":0,"pct":100}}
,"/mnt/aliyun/qx/codeCoverage/environment/deepsmith/deepsmith_corpus/2126.js": {"lines":{"total":6,"covered":6,"skipped":0,"pct":100},"functions":{"total":1,"covered":1,"skipped":0,"pct":100},"statements":{"total":6,"covered":6,"skipped":0,"pct":100},"branches":{"total":0,"covered":0,"skipped":0,"pct":100}}
,"/mnt/aliyun/qx/codeCoverage/environment/deepsmith/deepsmith_corpus/214.js": {"lines":{"total":4,"covered":4,"skipped":0,"pct":100},"functions":{"total":1,"covered":1,"skipped":0,"pct":100},"statements":{"total":4,"covered":4,"skipped":0,"pct":100},"branches":{"total":2,"covered":1,"skipped":0,"pct":50}}
,"/mnt/aliyun/qx/codeCoverage/environment/deepsmith/deepsmith_corpus/2143.js": {"lines":{"total":7,"covered":4,"skipped":0,"pct":57.14},"functions":{"total":2,"covered":1,"skipped":0,"pct":50},"statements":{"total":7,"covered":4,"skipped":0,"pct":57.14},"branches":{"total":0,"covered":0,"skipped":0,"pct":100}}
,"/mnt/aliyun/qx/codeCoverage/environment/deepsmith/deepsmith_corpus/2153.js": {"lines":{"total":4,"covered":4,"skipped":0,"pct":100},"functions":{"total":1,"covered":1,"skipped":0,"pct":100},"statements":{"total":4,"covered":4,"skipped":0,"pct":100},"branches":{"total":0,"covered":0,"skipped":0,"pct":100}}
,"/mnt/aliyun/qx/codeCoverage/environment/deepsmith/deepsmith_corpus/2159.js": {"lines":{"total":6,"covered":4,"skipped":0,"pct":66.67},"functions":{"total":5,"covered":1,"skipped":0,"pct":20},"statements":{"total":6,"covered":4,"skipped":0,"pct":66.67},"branches":{"total":0,"covered":0,"skipped":0,"pct":100}}
,"/mnt/aliyun/qx/codeCoverage/environment/deepsmith/deepsmith_corpus/2164.js": {"lines":{"total":19,"covered":5,"skipped":0,"pct":26.32},"functions":{"total":6,"covered":1,"skipped":0,"pct":16.67},"statements":{"total":19,"covered":5,"skipped":0,"pct":26.32},"branches":{"total":8,"covered":0,"skipped":0,"pct":0}}
,"/mnt/aliyun/qx/codeCoverage/environment/deepsmith/deepsmith_corpus/2173.js": {"lines":{"total":5,"covered":4,"skipped":0,"pct":80},"functions":{"total":1,"covered":1,"skipped":0,"pct":100},"statements":{"total":5,"covered":4,"skipped":0,"pct":80},"branches":{"total":0,"covered":0,"skipped":0,"pct":100}}
,"/mnt/aliyun/qx/codeCoverage/environment/deepsmith/deepsmith_corpus/22.js": {"lines":{"total":6,"covered":5,"skipped":0,"pct":83.33},"functions":{"total":1,"covered":1,"skipped":0,"pct":100},"statements":{"total":6,"covered":5,"skipped":0,"pct":83.33},"branches":{"total":0,"covered":0,"skipped":0,"pct":100}}
,"/mnt/aliyun/qx/codeCoverage/environment/deepsmith/deepsmith_corpus/223.js": {"lines":{"total":4,"covered":4,"skipped":0,"pct":100},"functions":{"total":1,"covered":1,"skipped":0,"pct":100},"statements":{"total":4,"covered":4,"skipped":0,"pct":100},"branches":{"total":0,"covered":0,"skipped":0,"pct":100}}
,"/mnt/aliyun/qx/codeCoverage/environment/deepsmith/deepsmith_corpus/2245.js": {"lines":{"total":7,"covered":5,"skipped":0,"pct":71.43},"functions":{"total":3,"covered":1,"skipped":0,"pct":33.33},"statements":{"total":7,"covered":5,"skipped":0,"pct":71.43},"branches":{"total":0,"covered":0,"skipped":0,"pct":100}}
,"/mnt/aliyun/qx/codeCoverage/environment/deepsmith/deepsmith_corpus/2259.js": {"lines":{"total":5,"covered":5,"skipped":0,"pct":100},"functions":{"total":1,"covered":1,"skipped":0,"pct":100},"statements":{"total":5,"covered":5,"skipped":0,"pct":100},"branches":{"total":5,"covered":2,"skipped":0,"pct":40}}
,"/mnt/aliyun/qx/codeCoverage/environment/deepsmith/deepsmith_corpus/2271.js": {"lines":{"total":5,"covered":4,"skipped":0,"pct":80},"functions":{"total":1,"covered":1,"skipped":0,"pct":100},"statements":{"total":5,"covered":4,"skipped":0,"pct":80},"branches":{"total":2,"covered":0,"skipped":0,"pct":0}}
,"/mnt/aliyun/qx/codeCoverage/environment/deepsmith/deepsmith_corpus/228.js": {"lines":{"total":4,"covered":4,"skipped":0,"pct":100},"functions":{"total":1,"covered":1,"skipped":0,"pct":100},"statements":{"total":4,"covered":4,"skipped":0,"pct":100},"branches":{"total":0,"covered":0,"skipped":0,"pct":100}}
,"/mnt/aliyun/qx/codeCoverage/environment/deepsmith/deepsmith_corpus/2297.js": {"lines":{"total":5,"covered":5,"skipped":0,"pct":100},"functions":{"total":2,"covered":1,"skipped":0,"pct":50},"statements":{"total":5,"covered":5,"skipped":0,"pct":100},"branches":{"total":2,"covered":1,"skipped":0,"pct":50}}
,"/mnt/aliyun/qx/codeCoverage/environment/deepsmith/deepsmith_corpus/2307.js": {"lines":{"total":5,"covered":5,"skipped":0,"pct":100},"functions":{"total":1,"covered":1,"skipped":0,"pct":100},"statements":{"total":5,"covered":5,"skipped":0,"pct":100},"branches":{"total":0,"covered":0,"skipped":0,"pct":100}}
,"/mnt/aliyun/qx/codeCoverage/environment/deepsmith/deepsmith_corpus/231.js": {"lines":{"total":5,"covered":5,"skipped":0,"pct":100},"functions":{"total":1,"covered":1,"skipped":0,"pct":100},"statements":{"total":5,"covered":5,"skipped":0,"pct":100},"branches":{"total":0,"covered":0,"skipped":0,"pct":100}}
,"/mnt/aliyun/qx/codeCoverage/environment/deepsmith/deepsmith_corpus/2315.js": {"lines":{"total":5,"covered":4,"skipped":0,"pct":80},"functions":{"total":2,"covered":1,"skipped":0,"pct":50},"statements":{"total":5,"covered":4,"skipped":0,"pct":80},"branches":{"total":0,"covered":0,"skipped":0,"pct":100}}
,"/mnt/aliyun/qx/codeCoverage/environment/deepsmith/deepsmith_corpus/2318.js": {"lines":{"total":4,"covered":4,"skipped":0,"pct":100},"functions":{"total":1,"covered":1,"skipped":0,"pct":100},"statements":{"total":4,"covered":4,"skipped":0,"pct":100},"branches":{"total":0,"covered":0,"skipped":0,"pct":100}}
,"/mnt/aliyun/qx/codeCoverage/environment/deepsmith/deepsmith_corpus/2322.js": {"lines":{"total":4,"covered":4,"skipped":0,"pct":100},"functions":{"total":1,"covered":1,"skipped":0,"pct":100},"statements":{"total":4,"covered":4,"skipped":0,"pct":100},"branches":{"total":0,"covered":0,"skipped":0,"pct":100}}
,"/mnt/aliyun/qx/codeCoverage/environment/deepsmith/deepsmith_corpus/2334.js": {"lines":{"total":8,"covered":6,"skipped":0,"pct":75},"functions":{"total":3,"covered":1,"skipped":0,"pct":33.33},"statements":{"total":8,"covered":6,"skipped":0,"pct":75},"branches":{"total":2,"covered":1,"skipped":0,"pct":50}}
,"/mnt/aliyun/qx/codeCoverage/environment/deepsmith/deepsmith_corpus/2338.js": {"lines":{"total":8,"covered":3,"skipped":0,"pct":37.5},"functions":{"total":6,"covered":1,"skipped":0,"pct":16.67},"statements":{"total":8,"covered":3,"skipped":0,"pct":37.5},"branches":{"total":2,"covered":0,"skipped":0,"pct":0}}
,"/mnt/aliyun/qx/codeCoverage/environment/deepsmith/deepsmith_corpus/2402.js": {"lines":{"total":6,"covered":6,"skipped":0,"pct":100},"functions":{"total":1,"covered":1,"skipped":0,"pct":100},"statements":{"total":6,"covered":6,"skipped":0,"pct":100},"branches":{"total":0,"covered":0,"skipped":0,"pct":100}}
,"/mnt/aliyun/qx/codeCoverage/environment/deepsmith/deepsmith_corpus/2410.js": {"lines":{"total":4,"covered":4,"skipped":0,"pct":100},"functions":{"total":1,"covered":1,"skipped":0,"pct":100},"statements":{"total":4,"covered":4,"skipped":0,"pct":100},"branches":{"total":0,"covered":0,"skipped":0,"pct":100}}
,"/mnt/aliyun/qx/codeCoverage/environment/deepsmith/deepsmith_corpus/2425.js": {"lines":{"total":7,"covered":4,"skipped":0,"pct":57.14},"functions":{"total":2,"covered":1,"skipped":0,"pct":50},"statements":{"total":7,"covered":4,"skipped":0,"pct":57.14},"branches":{"total":0,"covered":0,"skipped":0,"pct":100}}
,"/mnt/aliyun/qx/codeCoverage/environment/deepsmith/deepsmith_corpus/243.js": {"lines":{"total":7,"covered":7,"skipped":0,"pct":100},"functions":{"total":1,"covered":1,"skipped":0,"pct":100},"statements":{"total":7,"covered":7,"skipped":0,"pct":100},"branches":{"total":0,"covered":0,"skipped":0,"pct":100}}
,"/mnt/aliyun/qx/codeCoverage/environment/deepsmith/deepsmith_corpus/2433.js": {"lines":{"total":4,"covered":4,"skipped":0,"pct":100},"functions":{"total":1,"covered":1,"skipped":0,"pct":100},"statements":{"total":4,"covered":4,"skipped":0,"pct":100},"branches":{"total":0,"covered":0,"skipped":0,"pct":100}}
,"/mnt/aliyun/qx/codeCoverage/environment/deepsmith/deepsmith_corpus/2493.js": {"lines":{"total":4,"covered":4,"skipped":0,"pct":100},"functions":{"total":1,"covered":1,"skipped":0,"pct":100},"statements":{"total":4,"covered":4,"skipped":0,"pct":100},"branches":{"total":0,"covered":0,"skipped":0,"pct":100}}
,"/mnt/aliyun/qx/codeCoverage/environment/deepsmith/deepsmith_corpus/2556.js": {"lines":{"total":4,"covered":4,"skipped":0,"pct":100},"functions":{"total":1,"covered":1,"skipped":0,"pct":100},"statements":{"total":4,"covered":4,"skipped":0,"pct":100},"branches":{"total":0,"covered":0,"skipped":0,"pct":100}}
,"/mnt/aliyun/qx/codeCoverage/environment/deepsmith/deepsmith_corpus/256.js": {"lines":{"total":8,"covered":7,"skipped":0,"pct":87.5},"functions":{"total":1,"covered":1,"skipped":0,"pct":100},"statements":{"total":8,"covered":7,"skipped":0,"pct":87.5},"branches":{"total":2,"covered":0,"skipped":0,"pct":0}}
[...]
,"/mnt/aliyun/qx/codeCoverage/environment/deepsmith/deepsmith_corpus/9215.js": {"lines":{"total":13,"covered":5,"skipped":0,"pct":38.46},"functions":{"total":2,"covered":1,"skipped":0,"pct":50},"statements":{"total":13,"covered":5,"skipped":0,"pct":38.46},"branches":{"total":4,"covered":0,"skipped":0,"pct":0}}
,"/mnt/aliyun/qx/codeCoverage/environment/deepsmith/deepsmith_corpus/9229.js": {"lines":{"total":6,"covered":5,"skipped":0,"pct":83.33},"functions":{"total":1,"covered":1,"skipped":0,"pct":100},"statements":{"total":6,"covered":5,"skipped":0,"pct":83.33},"branches":{"total":2,"covered":1,"skipped":0,"pct":50}}
,"/mnt/aliyun/qx/codeCoverage/environment/deepsmith/deepsmith_corpus/9270.js": {"lines":{"total":8,"covered":6,"skipped":0,"pct":75},"functions":{"total":3,"covered":1,"skipped":0,"pct":33.33},"statements":{"total":8,"covered":6,"skipped":0,"pct":75},"branches":{"total":0,"covered":0,"skipped":0,"pct":100}}
,"/mnt/aliyun/qx/codeCoverage/environment/deepsmith/deepsmith_corpus/9287.js": {"lines":{"total":8,"covered":4,"skipped":0,"pct":50},"functions":{"total":2,"covered":1,"skipped":0,"pct":50},"statements":{"total":8,"covered":4,"skipped":0,"pct":50},"branches":{"total":2,"covered":0,"skipped":0,"pct":0}}
,"/mnt/aliyun/qx/codeCoverage/environment/deepsmith/deepsmith_corpus/9290.js": {"lines":{"total":4,"covered":4,"skipped":0,"pct":100},"functions":{"total":1,"covered":1,"skipped":0,"pct":100},"statements":{"total":4,"covered":4,"skipped":0,"pct":100},"branches":{"total":0,"covered":0,"skipped":0,"pct":100}}
,"/mnt/aliyun/qx/codeCoverage/environment/deepsmith/deepsmith_corpus/9295.js": {"lines":{"total":12,"covered":4,"skipped":0,"pct":33.33},"functions":{"total":5,"covered":1,"skipped":0,"pct":20},"statements":{"total":12,"covered":4,"skipped":0,"pct":33.33},"branches":{"total":2,"covered":0,"skipped":0,"pct":0}}
,"/mnt/aliyun/qx/codeCoverage/environment/deepsmith/deepsmith_corpus/9297.js": {"lines":{"total":8,"covered":5,"skipped":0,"pct":62.5},"functions":{"total":2,"covered":1,"skipped":0,"pct":50},"statements":{"total":8,"covered":5,"skipped":0,"pct":62.5},"branches":{"total":0,"covered":0,"skipped":0,"pct":100}}
,"/mnt/aliyun/qx/codeCoverage/environment/deepsmith/deepsmith_corpus/9307.js": {"lines":{"total":5,"covered":5,"skipped":0,"pct":100},"functions":{"total":1,"covered":1,"skipped":0,"pct":100},"statements":{"total":5,"covered":5,"skipped":0,"pct":100},"branches":{"total":0,"covered":0,"skipped":0,"pct":100}}
,"/mnt/aliyun/qx/codeCoverage/environment/deepsmith/deepsmith_corpus/9314.js": {"lines":{"total":6,"covered":5,"skipped":0,"pct":83.33},"functions":{"total":2,"covered":1,"skipped":0,"pct":50},"statements":{"total":6,"covered":5,"skipped":0,"pct":83.33},"branches":{"total":0,"covered":0,"skipped":0,"pct":100}}
,"/mnt/aliyun/qx/codeCoverage/environment/deepsmith/deepsmith_corpus/9339.js": {"lines":{"total":3,"covered":3,"skipped":0,"pct":100},"functions":{"total":1,"covered":1,"skipped":0,"pct":100},"statements":{"total":3,"covered":3,"skipped":0,"pct":100},"branches":{"total":0,"covered":0,"skipped":0,"pct":100}}
,"/mnt/aliyun/qx/codeCoverage/environment/deepsmith/deepsmith_corpus/9352.js": {"lines":{"total":4,"covered":4,"skipped":0,"pct":100},"functions":{"total":1,"covered":1,"skipped":0,"pct":100},"statements":{"total":4,"covered":4,"skipped":0,"pct":100},"branches":{"total":0,"covered":0,"skipped":0,"pct":100}}
,"/mnt/aliyun/qx/codeCoverage/environment/deepsmith/deepsmith_corpus/9354.js": {"lines":{"total":4,"covered":4,"skipped":0,"pct":100},"functions":{"total":1,"covered":1,"skipped":0,"pct":100},"statements":{"total":4,"covered":4,"skipped":0,"pct":100},"branches":{"total":0,"covered":0,"skipped":0,"pct":100}}
,"/mnt/aliyun/qx/codeCoverage/environment/deepsmith/deepsmith_corpus/9390.js": {"lines":{"total":5,"covered":4,"skipped":0,"pct":80},"functions":{"total":2,"covered":1,"skipped":0,"pct":50},"statements":{"total":5,"covered":4,"skipped":0,"pct":80},"branches":{"total":0,"covered":0,"skipped":0,"pct":100}}
,"/mnt/aliyun/qx/codeCoverage/environment/deepsmith/deepsmith_corpus/9412.js": {"lines":{"total":4,"covered":4,"skipped":0,"pct":100},"functions":{"total":1,"covered":1,"skipped":0,"pct":100},"statements":{"total":4,"covered":4,"skipped":0,"pct":100},"branches":{"total":0,"covered":0,"skipped":0,"pct":100}}
,"/mnt/aliyun/qx/codeCoverage/environment/deepsmith/deepsmith_corpus/9442.js": {"lines":{"total":5,"covered":5,"skipped":0,"pct":100},"functions":{"total":1,"covered":1,"skipped":0,"pct":100},"statements":{"total":5,"covered":5,"skipped":0,"pct":100},"branches":{"total":0,"covered":0,"skipped":0,"pct":100}}
,"/mnt/aliyun/qx/codeCoverage/environment/deepsmith/deepsmith_corpus/9495.js": {"lines":{"total":4,"covered":4,"skipped":0,"pct":100},"functions":{"total":1,"covered":1,"skipped":0,"pct":100},"statements":{"total":4,"covered":4,"skipped":0,"pct":100},"branches":{"total":0,"covered":0,"skipped":0,"pct":100}}
,"/mnt/aliyun/qx/codeCoverage/environment/deepsmith/deepsmith_corpus/9503.js": {"lines":{"total":6,"covered":6,"skipped":0,"pct":100},"functions":{"total":1,"covered":1,"skipped":0,"pct":100},"statements":{"total":6,"covered":6,"skipped":0,"pct":100},"branches":{"total":0,"covered":0,"skipped":0,"pct":100}}
,"/mnt/aliyun/qx/codeCoverage/environment/deepsmith/deepsmith_corpus/9520.js": {"lines":{"total":4,"covered":4,"skipped":0,"pct":100},"functions":{"total":1,"covered":1,"skipped":0,"pct":100},"statements":{"total":4,"covered":4,"skipped":0,"pct":100},"branches":{"total":0,"covered":0,"skipped":0,"pct":100}}
,"/mnt/aliyun/qx/codeCoverage/environment/deepsmith/deepsmith_corpus/954.js": {"lines":{"total":5,"covered":4,"skipped":0,"pct":80},"functions":{"total":2,"covered":1,"skipped":0,"pct":50},"statements":{"total":5,"covered":4,"skipped":0,"pct":80},"branches":{"total":0,"covered":0,"skipped":0,"pct":100}}
,"/mnt/aliyun/qx/codeCoverage/environment/deepsmith/deepsmith_corpus/9567.js": {"lines":{"total":5,"covered":5,"skipped":0,"pct":100},"functions":{"total":1,"covered":1,"skipped":0,"pct":100},"statements":{"total":5,"covered":5,"skipped":0,"pct":100},"branches":{"total":0,"covered":0,"skipped":0,"pct":100}}
,"/mnt/aliyun/qx/codeCoverage/environment/deepsmith/deepsmith_corpus/9571.js": {"lines":{"total":14,"covered":5,"skipped":0,"pct":35.71},"functions":{"total":4,"covered":1,"skipped":0,"pct":25},"statements":{"total":14,"covered":5,"skipped":0,"pct":35.71},"branches":{"total":4,"covered":0,"skipped":0,"pct":0}}
,"/mnt/aliyun/qx/codeCoverage/environment/deepsmith/deepsmith_corpus/9573.js": {"lines":{"total":7,"covered":4,"skipped":0,"pct":57.14},"functions":{"total":4,"covered":1,"skipped":0,"pct":25},"statements":{"total":7,"covered":4,"skipped":0,"pct":57.14},"branches":{"total":4,"covered":0,"skipped":0,"pct":0}}
,"/mnt/aliyun/qx/codeCoverage/environment/deepsmith/deepsmith_corpus/9577.js": {"lines":{"total":15,"covered":6,"skipped":0,"pct":40},"functions":{"total":1,"covered":1,"skipped":0,"pct":100},"statements":{"total":16,"covered":6,"skipped":0,"pct":37.5},"branches":{"total":10,"covered":0,"skipped":0,"pct":0}}
,"/mnt/aliyun/qx/codeCoverage/environment/deepsmith/deepsmith_corpus/9589.js": {"lines":{"total":9,"covered":5,"skipped":0,"pct":55.56},"functions":{"total":2,"covered":1,"skipped":0,"pct":50},"statements":{"total":9,"covered":5,"skipped":0,"pct":55.56},"branches":{"total":2,"covered":0,"skipped":0,"pct":0}}
,"/mnt/aliyun/qx/codeCoverage/environment/deepsmith/deepsmith_corpus/9592.js": {"lines":{"total":6,"covered":4,"skipped":0,"pct":66.67},"functions":{"total":3,"covered":1,"skipped":0,"pct":33.33},"statements":{"total":6,"covered":4,"skipped":0,"pct":66.67},"branches":{"total":0,"covered":0,"skipped":0,"pct":100}}
,"/mnt/aliyun/qx/codeCoverage/environment/deepsmith/deepsmith_corpus/9594.js": {"lines":{"total":6,"covered":5,"skipped":0,"pct":83.33},"functions":{"total":1,"covered":1,"skipped":0,"pct":100},"statements":{"total":6,"covered":5,"skipped":0,"pct":83.33},"branches":{"total":0,"covered":0,"skipped":0,"pct":100}}
,"/mnt/aliyun/qx/codeCoverage/environment/deepsmith/deepsmith_corpus/960.js": {"lines":{"total":19,"covered":3,"skipped":0,"pct":15.79},"functions":{"total":1,"covered":1,"skipped":0,"pct":100},"statements":{"total":19,"covered":3,"skipped":0,"pct":15.79},"branches":{"total":4,"covered":0,"skipped":0,"pct":0}}
,"/mnt/aliyun/qx/codeCoverage/environment/deepsmith/deepsmith_corpus/9657.js": {"lines":{"total":7,"covered":5,"skipped":0,"pct":71.43},"functions":{"total":4,"covered":1,"skipped":0,"pct":25},"statements":{"total":8,"covered":5,"skipped":0,"pct":62.5},"branches":{"total":2,"covered":0,"skipped":0,"pct":0}}
,"/mnt/aliyun/qx/codeCoverage/environment/deepsmith/deepsmith_corpus/9658.js": {"lines":{"total":4,"covered":4,"skipped":0,"pct":100},"functions":{"total":1,"covered":1,"skipped":0,"pct":100},"statements":{"total":4,"covered":4,"skipped":0,"pct":100},"branches":{"total":0,"covered":0,"skipped":0,"pct":100}}
,"/mnt/aliyun/qx/codeCoverage/environment/deepsmith/deepsmith_corpus/9664.js": {"lines":{"total":5,"covered":5,"skipped":0,"pct":100},"functions":{"total":1,"covered":1,"skipped":0,"pct":100},"statements":{"total":5,"covered":5,"skipped":0,"pct":100},"branches":{"total":0,"covered":0,"skipped":0,"pct":100}}
,"/mnt/aliyun/qx/codeCoverage/environment/deepsmith/deepsmith_corpus/9671.js": {"lines":{"total":10,"covered":6,"skipped":0,"pct":60},"functions":{"total":1,"covered":1,"skipped":0,"pct":100},"statements":{"total":10,"covered":6,"skipped":0,"pct":60},"branches":{"total":2,"covered":0,"skipped":0,"pct":0}}
,"/mnt/aliyun/qx/codeCoverage/environment/deepsmith/deepsmith_corpus/9674.js": {"lines":{"total":4,"covered":4,"skipped":0,"pct":100},"functions":{"total":1,"covered":1,"skipped":0,"pct":100},"statements":{"total":4,"covered":4,"skipped":0,"pct":100},"branches":{"total":0,"covered":0,"skipped":0,"pct":100}}
,"/mnt/aliyun/qx/codeCoverage/environment/deepsmith/deepsmith_corpus/968.js": {"lines":{"total":6,"covered":4,"skipped":0,"pct":66.67},"functions":{"total":1,"covered":1,"skipped":0,"pct":100},"statements":{"total":6,"covered":4,"skipped":0,"pct":66.67},"branches":{"total":0,"covered":0,"skipped":0,"pct":100}}
,"/mnt/aliyun/qx/codeCoverage/environment/deepsmith/deepsmith_corpus/9688.js": {"lines":{"total":4,"covered":4,"skipped":0,"pct":100},"functions":{"total":1,"covered":1,"skipped":0,"pct":100},"statements":{"total":4,"covered":4,"skipped":0,"pct":100},"branches":{"total":2,"covered":1,"skipped":0,"pct":50}}
,"/mnt/aliyun/qx/codeCoverage/environment/deepsmith/deepsmith_corpus/9693.js": {"lines":{"total":4,"covered":4,"skipped":0,"pct":100},"functions":{"total":1,"covered":1,"skipped":0,"pct":100},"statements":{"total":4,"covered":4,"skipped":0,"pct":100},"branches":{"total":2,"covered":1,"skipped":0,"pct":50}}
,"/mnt/aliyun/qx/codeCoverage/environment/deepsmith/deepsmith_corpus/9698.js": {"lines":{"total":13,"covered":4,"skipped":0,"pct":30.77},"functions":{"total":7,"covered":1,"skipped":0,"pct":14.29},"statements":{"total":15,"covered":4,"skipped":0,"pct":26.67},"branches":{"total":6,"covered":0,"skipped":0,"pct":0}}
,"/mnt/aliyun/qx/codeCoverage/environment/deepsmith/deepsmith_corpus/9699.js": {"lines":{"total":4,"covered":4,"skipped":0,"pct":100},"functions":{"total":1,"covered":1,"skipped":0,"pct":100},"statements":{"total":4,"covered":4,"skipped":0,"pct":100},"branches":{"total":0,"covered":0,"skipped":0,"pct":100}}
,"/mnt/aliyun/qx/codeCoverage/environment/deepsmith/deepsmith_corpus/9717.js": {"lines":{"total":4,"covered":4,"skipped":0,"pct":100},"functions":{"total":1,"covered":1,"skipped":0,"pct":100},"statements":{"total":4,"covered":4,"skipped":0,"pct":100},"branches":{"total":0,"covered":0,"skipped":0,"pct":100}}
,"/mnt/aliyun/qx/codeCoverage/environment/deepsmith/deepsmith_corpus/9731.js": {"lines":{"total":5,"covered":5,"skipped":0,"pct":100},"functions":{"total":1,"covered":1,"skipped":0,"pct":100},"statements":{"total":5,"covered":5,"skipped":0,"pct":100},"branches":{"total":0,"covered":0,"skipped":0,"pct":100}}
,"/mnt/aliyun/qx/codeCoverage/environment/deepsmith/deepsmith_corpus/9748.js": {"lines":{"total":7,"covered":5,"skipped":0,"pct":71.43},"functions":{"total":3,"covered":1,"skipped":0,"pct":33.33},"statements":{"total":7,"covered":5,"skipped":0,"pct":71.43},"branches":{"total":0,"covered":0,"skipped":0,"pct":100}}
,"/mnt/aliyun/qx/codeCoverage/environment/deepsmith/deepsmith_corpus/9749.js": {"lines":{"total":6,"covered":5,"skipped":0,"pct":83.33},"functions":{"total":2,"covered":1,"skipped":0,"pct":50},"statements":{"total":6,"covered":5,"skipped":0,"pct":83.33},"branches":{"total":0,"covered":0,"skipped":0,"pct":100}}
,"/mnt/aliyun/qx/codeCoverage/environment/deepsmith/deepsmith_corpus/9764.js": {"lines":{"total":4,"covered":4,"skipped":0,"pct":100},"functions":{"total":1,"covered":1,"skipped":0,"pct":100},"statements":{"total":4,"covered":4,"skipped":0,"pct":100},"branches":{"total":0,"covered":0,"skipped":0,"pct":100}}
,"/mnt/aliyun/qx/codeCoverage/environment/deepsmith/deepsmith_corpus/9776.js": {"lines":{"total":5,"covered":5,"skipped":0,"pct":100},"functions":{"total":1,"covered":1,"skipped":0,"pct":100},"statements":{"total":5,"covered":5,"skipped":0,"pct":100},"branches":{"total":0,"covered":0,"skipped":0,"pct":100}}
,"/mnt/aliyun/qx/codeCoverage/environment/deepsmith/deepsmith_corpus/9778.js": {"lines":{"total":6,"covered":6,"skipped":0,"pct":100},"functions":{"total":2,"covered":1,"skipped":0,"pct":50},"statements":{"total":6,"covered":6,"skipped":0,"pct":100},"branches":{"total":0,"covered":0,"skipped":0,"pct":100}}
,"/mnt/aliyun/qx/codeCoverage/environment/deepsmith/deepsmith_corpus/9809.js": {"lines":{"total":6,"covered":6,"skipped":0,"pct":100},"functions":{"total":1,"covered":1,"skipped":0,"pct":100},"statements":{"total":6,"covered":6,"skipped":0,"pct":100},"branches":{"total":0,"covered":0,"skipped":0,"pct":100}}
,"/mnt/aliyun/qx/codeCoverage/environment/deepsmith/deepsmith_corpus/9818.js": {"lines":{"total":4,"covered":4,"skipped":0,"pct":100},"functions":{"total":1,"covered":1,"skipped":0,"pct":100},"statements":{"total":4,"covered":4,"skipped":0,"pct":100},"branches":{"total":0,"covered":0,"skipped":0,"pct":100}}
,"/mnt/aliyun/qx/codeCoverage/environment/deepsmith/deepsmith_corpus/9826.js": {"lines":{"total":4,"covered":4,"skipped":0,"pct":100},"functions":{"total":1,"covered":1,"skipped":0,"pct":100},"statements":{"total":4,"covered":4,"skipped":0,"pct":100},"branches":{"total":0,"covered":0,"skipped":0,"pct":100}}
,"/mnt/aliyun/qx/codeCoverage/environment/deepsmith/deepsmith_corpus/9833.js": {"lines":{"total":7,"covered":5,"skipped":0,"pct":71.43},"functions":{"total":3,"covered":1,"skipped":0,"pct":33.33},"statements":{"total":7,"covered":5,"skipped":0,"pct":71.43},"branches":{"total":0,"covered":0,"skipped":0,"pct":100}}
,"/mnt/aliyun/qx/codeCoverage/environment/deepsmith/deepsmith_corpus/9843.js": {"lines":{"total":4,"covered":4,"skipped":0,"pct":100},"functions":{"total":1,"covered":1,"skipped":0,"pct":100},"statements":{"total":4,"covered":4,"skipped":0,"pct":100},"branches":{"total":0,"covered":0,"skipped":0,"pct":100}}
,"/mnt/aliyun/qx/codeCoverage/environment/deepsmith/deepsmith_corpus/9869.js": {"lines":{"total":5,"covered":5,"skipped":0,"pct":100},"functions":{"total":1,"covered":1,"skipped":0,"pct":100},"statements":{"total":5,"covered":5,"skipped":0,"pct":100},"branches":{"total":0,"covered":0,"skipped":0,"pct":100}}
,"/mnt/aliyun/qx/codeCoverage/environment/deepsmith/deepsmith_corpus/9878.js": {"lines":{"total":4,"covered":4,"skipped":0,"pct":100},"functions":{"total":1,"covered":1,"skipped":0,"pct":100},"statements":{"total":4,"covered":4,"skipped":0,"pct":100},"branches":{"total":0,"covered":0,"skipped":0,"pct":100}}
,"/mnt/aliyun/qx/codeCoverage/environment/deepsmith/deepsmith_corpus/9879.js": {"lines":{"total":4,"covered":4,"skipped":0,"pct":100},"functions":{"total":1,"covered":1,"skipped":0,"pct":100},"statements":{"total":4,"covered":4,"skipped":0,"pct":100},"branches":{"total":0,"covered":0,"skipped":0,"pct":100}}
,"/mnt/aliyun/qx/codeCoverage/environment/deepsmith/deepsmith_corpus/9903.js": {"lines":{"total":16,"covered":5,"skipped":0,"pct":31.25},"functions":{"total":3,"covered":1,"skipped":0,"pct":33.33},"statements":{"total":16,"covered":5,"skipped":0,"pct":31.25},"branches":{"total":0,"covered":0,"skipped":0,"pct":100}}
,"/mnt/aliyun/qx/codeCoverage/environment/deepsmith/deepsmith_corpus/9913.js": {"lines":{"total":9,"covered":5,"skipped":0,"pct":55.56},"functions":{"total":3,"covered":1,"skipped":0,"pct":33.33},"statements":{"total":9,"covered":5,"skipped":0,"pct":55.56},"branches":{"total":2,"covered":0,"skipped":0,"pct":0}}
,"/mnt/aliyun/qx/codeCoverage/environment/deepsmith/deepsmith_corpus/9919.js": {"lines":{"total":6,"covered":5,"skipped":0,"pct":83.33},"functions":{"total":1,"covered":1,"skipped":0,"pct":100},"statements":{"total":6,"covered":5,"skipped":0,"pct":83.33},"branches":{"total":0,"covered":0,"skipped":0,"pct":100}}
,"/mnt/aliyun/qx/codeCoverage/environment/deepsmith/deepsmith_corpus/9921.js": {"lines":{"total":6,"covered":4,"skipped":0,"pct":66.67},"functions":{"total":3,"covered":1,"skipped":0,"pct":33.33},"statements":{"total":6,"covered":4,"skipped":0,"pct":66.67},"branches":{"total":0,"covered":0,"skipped":0,"pct":100}}
,"/mnt/aliyun/qx/codeCoverage/environment/deepsmith/deepsmith_corpus/9924.js": {"lines":{"total":5,"covered":5,"skipped":0,"pct":100},"functions":{"total":1,"covered":1,"skipped":0,"pct":100},"statements":{"total":5,"covered":5,"skipped":0,"pct":100},"branches":{"total":0,"covered":0,"skipped":0,"pct":100}}
,"/mnt/aliyun/qx/codeCoverage/environment/deepsmith/deepsmith_corpus/9930.js": {"lines":{"total":8,"covered":4,"skipped":0,"pct":50},"functions":{"total":5,"covered":1,"skipped":0,"pct":20},"statements":{"total":8,"covered":4,"skipped":0,"pct":50},"branches":{"total":2,"covered":1,"skipped":0,"pct":50}}
,"/mnt/aliyun/qx/codeCoverage/environment/deepsmith/deepsmith_corpus/9936.js": {"lines":{"total":5,"covered":4,"skipped":0,"pct":80},"functions":{"total":2,"covered":1,"skipped":0,"pct":50},"statements":{"total":5,"covered":4,"skipped":0,"pct":80},"branches":{"total":2,"covered":0,"skipped":0,"pct":0}}
,"/mnt/aliyun/qx/codeCoverage/environment/deepsmith/deepsmith_corpus/9937.js": {"lines":{"total":4,"covered":4,"skipped":0,"pct":100},"functions":{"total":1,"covered":1,"skipped":0,"pct":100},"statements":{"total":4,"covered":4,"skipped":0,"pct":100},"branches":{"total":2,"covered":0,"skipped":0,"pct":0}}
,"/mnt/aliyun/qx/codeCoverage/environment/deepsmith/deepsmith_corpus/9967.js": {"lines":{"total":8,"covered":4,"skipped":0,"pct":50},"functions":{"total":5,"covered":1,"skipped":0,"pct":20},"statements":{"total":8,"covered":4,"skipped":0,"pct":50},"branches":{"total":2,"covered":0,"skipped":0,"pct":0}}
,"/mnt/aliyun/qx/codeCoverage/environment/deepsmith/deepsmith_corpus/9988.js": {"lines":{"total":4,"covered":4,"skipped":0,"pct":100},"functions":{"total":1,"covered":1,"skipped":0,"pct":100},"statements":{"total":4,"covered":4,"skipped":0,"pct":100},"branches":{"total":0,"covered":0,"skipped":0,"pct":100}}
,"/mnt/aliyun/qx/codeCoverage/environment/deepsmith/deepsmith_corpus/9989.js": {"lines":{"total":3,"covered":3,"skipped":0,"pct":100},"functions":{"total":1,"covered":1,"skipped":0,"pct":100},"statements":{"total":3,"covered":3,"skipped":0,"pct":100},"branches":{"total":0,"covered":0,"skipped":0,"pct":100}}
,"/mnt/aliyun/qx/codeCoverage/environment/deepsmith/deepsmith_corpus/9993.js": {"lines":{"total":5,"covered":4,"skipped":0,"pct":80},"functions":{"total":2,"covered":1,"skipped":0,"pct":50},"statements":{"total":5,"covered":4,"skipped":0,"pct":80},"branches":{"total":0,"covered":0,"skipped":0,"pct":100}}
}
